#
# A fatal error has been detected by the Java Runtime Environment:
#
#  SIGSEGV (0xb) at pc=0x0000000133626fbd, pid=1374, tid=5635
#
# JRE version: OpenJDK Runtime Environment (11.0.2+9) (build 11.0.2+9)
# Java VM: OpenJDK 64-Bit Server VM (11.0.2+9, mixed mode, tiered, compressed oops, g1 gc, bsd-amd64)
# Problematic frame:
# C  [librocksdbjni14948636381671315967.jnilib+0x13fbd]  rocksdb_put_helper(JNIEnv_*, rocksdb::DB*, rocksdb::WriteOptions const&, rocksdb::ColumnFamilyHandle*, _jbyteArray*, int, int, _jbyteArray*, int, int)+0x14d
#
# No core dump will be written. Core dumps have been disabled. To enable core dumping, try "ulimit -c unlimited" before starting Java again
#
# If you would like to submit a bug report, please visit:
#   http://bugreport.java.com/bugreport/crash.jsp
# The crash happened outside the Java Virtual Machine in native code.
# See problematic frame for where to report the bug.
#

---------------  S U M M A R Y ------------

Command Line: -agentlib:jdwp=transport=dt_socket,address=127.0.0.1:50450,suspend=y,server=n -ea -Didea.test.cyclic.buffer.size=1048576 -javaagent:/Users/liaochuntao/Library/Caches/IntelliJIdea2019.3/captureAgent/debugger-agent.jar -Dfile.encoding=UTF-8 com.intellij.rt.junit.JUnitStarter -ideVersion5 -junit4 com.alibaba.nacos.core.storage.RocksStorageTest,testCreateRocksStorage

Host: MacBookPro15,2 x86_64 2200 MHz, 8 cores, 32G, Darwin 19.5.0
Time: Wed Jul 22 23:40:13 2020 CST elapsed time: 12 seconds (0d 0h 0m 12s)

---------------  T H R E A D  ---------------

Current thread (0x00007fe9c9811000):  JavaThread "main" [_thread_in_native, id=5635, stack(0x0000700007fad000,0x00007000080ad000)]

Stack: [0x0000700007fad000,0x00007000080ad000],  sp=0x00007000080ab970,  free space=1018k
Native frames: (J=compiled Java code, A=aot compiled Java code, j=interpreted, Vv=VM code, C=native code)
C  [librocksdbjni14948636381671315967.jnilib+0x13fbd]  rocksdb_put_helper(JNIEnv_*, rocksdb::DB*, rocksdb::WriteOptions const&, rocksdb::ColumnFamilyHandle*, _jbyteArray*, int, int, _jbyteArray*, int, int)+0x14d
j  org.rocksdb.RocksDB.put(JJ[BII[BII)V+0
j  org.rocksdb.RocksDB.put(Lorg/rocksdb/WriteOptions;[B[B)V+17
j  com.alibaba.nacos.core.storage.RocksStorage.write([B[B)V+10
j  com.alibaba.nacos.core.storage.RocksStorageTest.testCreateRocksStorage()V+35
v  ~StubRoutines::call_stub
V  [libjvm.dylib+0x39b736]  JavaCalls::call_helper(JavaValue*, methodHandle const&, JavaCallArguments*, Thread*)+0x21a
V  [libjvm.dylib+0x64c917]  invoke(InstanceKlass*, methodHandle const&, Handle, bool, objArrayHandle, BasicType, objArrayHandle, bool, Thread*)+0x4e6
V  [libjvm.dylib+0x64c3e7]  Reflection::invoke_method(oopDesc*, Handle, objArrayHandle, Thread*)+0xf5
V  [libjvm.dylib+0x42236d]  JVM_InvokeMethod+0x20a
j  jdk.internal.reflect.NativeMethodAccessorImpl.invoke0(Ljava/lang/reflect/Method;Ljava/lang/Object;[Ljava/lang/Object;)Ljava/lang/Object;+0 java.base@11.0.2
j  jdk.internal.reflect.NativeMethodAccessorImpl.invoke(Ljava/lang/Object;[Ljava/lang/Object;)Ljava/lang/Object;+100 java.base@11.0.2
j  jdk.internal.reflect.DelegatingMethodAccessorImpl.invoke(Ljava/lang/Object;[Ljava/lang/Object;)Ljava/lang/Object;+6 java.base@11.0.2
j  java.lang.reflect.Method.invoke(Ljava/lang/Object;[Ljava/lang/Object;)Ljava/lang/Object;+59 java.base@11.0.2
j  org.junit.runners.model.FrameworkMethod$1.runReflectiveCall()Ljava/lang/Object;+15
j  org.junit.internal.runners.model.ReflectiveCallable.run()Ljava/lang/Object;+1
j  org.junit.runners.model.FrameworkMethod.invokeExplosively(Ljava/lang/Object;[Ljava/lang/Object;)Ljava/lang/Object;+10
j  org.junit.internal.runners.statements.InvokeMethod.evaluate()V+12
j  org.junit.runners.ParentRunner.runLeaf(Lorg/junit/runners/model/Statement;Lorg/junit/runner/Description;Lorg/junit/runner/notification/RunNotifier;)V+17
j  org.junit.runners.BlockJUnit4ClassRunner.runChild(Lorg/junit/runners/model/FrameworkMethod;Lorg/junit/runner/notification/RunNotifier;)V+30
j  org.junit.runners.BlockJUnit4ClassRunner.runChild(Ljava/lang/Object;Lorg/junit/runner/notification/RunNotifier;)V+6
j  org.junit.runners.ParentRunner$3.run()V+12
j  org.junit.runners.ParentRunner$1.schedule(Ljava/lang/Runnable;)V+1
j  org.junit.runners.ParentRunner.runChildren(Lorg/junit/runner/notification/RunNotifier;)V+44
j  org.junit.runners.ParentRunner.access$000(Lorg/junit/runners/ParentRunner;Lorg/junit/runner/notification/RunNotifier;)V+2
j  org.junit.runners.ParentRunner$2.evaluate()V+8
j  org.junit.runners.ParentRunner.run(Lorg/junit/runner/notification/RunNotifier;)V+20
j  org.junit.runner.JUnitCore.run(Lorg/junit/runner/Runner;)Lorg/junit/runner/Result;+37
j  com.intellij.junit4.JUnit4IdeaTestRunner.startRunnerWithArgs([Ljava/lang/String;Ljava/lang/String;IZ)I+146
j  com.intellij.rt.junit.IdeaTestRunner$Repeater.startRunnerWithArgs(Lcom/intellij/rt/junit/IdeaTestRunner;[Ljava/lang/String;Ljava/util/ArrayList;Ljava/lang/String;IZ)I+22
j  com.intellij.rt.junit.JUnitStarter.prepareStreamsAndStart([Ljava/lang/String;Ljava/lang/String;Ljava/util/ArrayList;Ljava/lang/String;)I+116
j  com.intellij.rt.junit.JUnitStarter.main([Ljava/lang/String;)V+116
v  ~StubRoutines::call_stub
V  [libjvm.dylib+0x39b736]  JavaCalls::call_helper(JavaValue*, methodHandle const&, JavaCallArguments*, Thread*)+0x21a
V  [libjvm.dylib+0x3df2fb]  jni_invoke_static(JNIEnv_*, JavaValue*, _jobject*, JNICallType, _jmethodID*, JNI_ArgumentPusher*, Thread*)+0x11c
V  [libjvm.dylib+0x3e2adc]  jni_CallStaticVoidMethod+0x1d1
C  [java+0x4801]  JavaMain+0xab4
C  [libsystem_pthread.dylib+0x6109]  _pthread_start+0x94
C  [libsystem_pthread.dylib+0x1b8b]  thread_start+0xf

Java frames: (J=compiled Java code, j=interpreted, Vv=VM code)
j  org.rocksdb.RocksDB.put(JJ[BII[BII)V+0
j  org.rocksdb.RocksDB.put(Lorg/rocksdb/WriteOptions;[B[B)V+17
j  com.alibaba.nacos.core.storage.RocksStorage.write([B[B)V+10
j  com.alibaba.nacos.core.storage.RocksStorageTest.testCreateRocksStorage()V+35
v  ~StubRoutines::call_stub
j  jdk.internal.reflect.NativeMethodAccessorImpl.invoke0(Ljava/lang/reflect/Method;Ljava/lang/Object;[Ljava/lang/Object;)Ljava/lang/Object;+0 java.base@11.0.2
j  jdk.internal.reflect.NativeMethodAccessorImpl.invoke(Ljava/lang/Object;[Ljava/lang/Object;)Ljava/lang/Object;+100 java.base@11.0.2
j  jdk.internal.reflect.DelegatingMethodAccessorImpl.invoke(Ljava/lang/Object;[Ljava/lang/Object;)Ljava/lang/Object;+6 java.base@11.0.2
j  java.lang.reflect.Method.invoke(Ljava/lang/Object;[Ljava/lang/Object;)Ljava/lang/Object;+59 java.base@11.0.2
j  org.junit.runners.model.FrameworkMethod$1.runReflectiveCall()Ljava/lang/Object;+15
j  org.junit.internal.runners.model.ReflectiveCallable.run()Ljava/lang/Object;+1
j  org.junit.runners.model.FrameworkMethod.invokeExplosively(Ljava/lang/Object;[Ljava/lang/Object;)Ljava/lang/Object;+10
j  org.junit.internal.runners.statements.InvokeMethod.evaluate()V+12
j  org.junit.runners.ParentRunner.runLeaf(Lorg/junit/runners/model/Statement;Lorg/junit/runner/Description;Lorg/junit/runner/notification/RunNotifier;)V+17
j  org.junit.runners.BlockJUnit4ClassRunner.runChild(Lorg/junit/runners/model/FrameworkMethod;Lorg/junit/runner/notification/RunNotifier;)V+30
j  org.junit.runners.BlockJUnit4ClassRunner.runChild(Ljava/lang/Object;Lorg/junit/runner/notification/RunNotifier;)V+6
j  org.junit.runners.ParentRunner$3.run()V+12
j  org.junit.runners.ParentRunner$1.schedule(Ljava/lang/Runnable;)V+1
j  org.junit.runners.ParentRunner.runChildren(Lorg/junit/runner/notification/RunNotifier;)V+44
j  org.junit.runners.ParentRunner.access$000(Lorg/junit/runners/ParentRunner;Lorg/junit/runner/notification/RunNotifier;)V+2
j  org.junit.runners.ParentRunner$2.evaluate()V+8
j  org.junit.runners.ParentRunner.run(Lorg/junit/runner/notification/RunNotifier;)V+20
j  org.junit.runner.JUnitCore.run(Lorg/junit/runner/Runner;)Lorg/junit/runner/Result;+37
j  com.intellij.junit4.JUnit4IdeaTestRunner.startRunnerWithArgs([Ljava/lang/String;Ljava/lang/String;IZ)I+146
j  com.intellij.rt.junit.IdeaTestRunner$Repeater.startRunnerWithArgs(Lcom/intellij/rt/junit/IdeaTestRunner;[Ljava/lang/String;Ljava/util/ArrayList;Ljava/lang/String;IZ)I+22
j  com.intellij.rt.junit.JUnitStarter.prepareStreamsAndStart([Ljava/lang/String;Ljava/lang/String;Ljava/util/ArrayList;Ljava/lang/String;)I+116
j  com.intellij.rt.junit.JUnitStarter.main([Ljava/lang/String;)V+116
v  ~StubRoutines::call_stub

siginfo: si_signo: 11 (SIGSEGV), si_code: 1 (SEGV_MAPERR), si_addr: 0x0000000000000058

Register to memory mapping:

RAX=0x0 is NULL
RBX=0x00007fe9c8743730 points into unknown readable memory: 6c 69 61 6f 63 68 75 6e
RCX=0x00007000080ab978 is pointing into the stack for thread: 0x00007fe9c9811000
RDX=0x00007fe9ca0395b0 points into unknown readable memory: 01 00 00 00 00 00 00 50
RSP=0x00007000080ab970 is pointing into the stack for thread: 0x00007fe9c9811000
RBP=0x00007000080aba00 is pointing into the stack for thread: 0x00007fe9c9811000
RSI=0x00007fe9b914a400 points into unknown readable memory: 00 00 00 00 00 00 00 00
RDI=0x00007000080ab9b8 is pointing into the stack for thread: 0x00007fe9c9811000
R8 =0x00007000080ab988 is pointing into the stack for thread: 0x00007fe9c9811000
R9 =0x0000000000003f7d is an unknown value
R10=0x000000010d2f4268 is at code_begin+1640 in an Interpreter codelet
method entry point (kind = native)  [0x000000010d2f3c00, 0x000000010d2f4ca0]  4256 bytes
R11=0x00007fe3a89d7e28 is an unknown value
R12=0x000000000000000b is an unknown value
R13=0x000000000000000b is an unknown value
R14=0x00007fe9c9811340 points into unknown readable memory: e0 30 10 04 01 00 00 00
R15=0x00007fe9c8744ac0 points into unknown readable memory: 6c 69 61 6f 63 68 75 6e


Registers:
RAX=0x0000000000000000, RBX=0x00007fe9c8743730, RCX=0x00007000080ab978, RDX=0x00007fe9ca0395b0
RSP=0x00007000080ab970, RBP=0x00007000080aba00, RSI=0x00007fe9b914a400, RDI=0x00007000080ab9b8
R8 =0x00007000080ab988, R9 =0x0000000000003f7d, R10=0x000000010d2f4268, R11=0x00007fe3a89d7e28
R12=0x000000000000000b, R13=0x000000000000000b, R14=0x00007fe9c9811340, R15=0x00007fe9c8744ac0
RIP=0x0000000133626fbd, EFLAGS=0x0000000000010246, ERR=0x0000000000000004
  TRAPNO=0x000000000000000e

Top of Stack: (sp=0x00007000080ab970)
0x00007000080ab970:   00007000080ab990 00007fe9c8744ac0
0x00007000080ab980:   000000000000000b 00007fe9c8743730
0x00007000080ab990:   000000000000000b 0000000000000000
0x00007000080ab9a0:   00007fe9ca0395b0 00007fe9b914a400
0x00007000080ab9b0:   00007fe9c8744ac0 0000000103b98022
0x00007000080ab9c0:   000000010cdb0800 00007fe9c9000000
0x00007000080ab9d0:   0000000000000000 000000010cdb0868
0x00007000080ab9e0:   0000000000000000 000000010cdb0860
0x00007000080ab9f0:   00007000080abb28 00007fe9c9811000
0x00007000080aba00:   00007000080abab8 000000010d2f4297
0x00007000080aba10:   000070000000000b 00007000080abae8
0x00007000080aba20:   0000700000000000 000000010000000b
0x00007000080aba30:   00007fe9c9811000 000000010cdb0868
0x00007000080aba40:   00007000080abb28 00007fe9c9811000
0x00007000080aba50:   00007000080abab8 000000010d2f3cf0
0x00007000080aba60:   00007fe9c9811000 000000010d2f3cb6
0x00007000080aba70:   00007000080aba70 000000010cdb0860
0x00007000080aba80:   00007000080abb28 000000010cdb9f48
0x00007000080aba90:   0000000000000000 000000061fea5ef8
0x00007000080abaa0:   000000010cdb0868 0000000000000000
0x00007000080abab0:   00007000080abad8 00007000080abb78
0x00007000080abac0:   000000010d2ead1c 0000000000000000
0x00007000080abad0:   000000010d2ef818 000000000000000b
0x00007000080abae0:   0000000000000000 000000061fd6b8f8
0x00007000080abaf0:   000000000000000b 0000000000000000
0x00007000080abb00:   000000061fd6b8d8 00007fe9ca0395b0
0x00007000080abb10:   0000000000000000 00007fe9b914a400
0x00007000080abb20:   0000000000000000 000000061fd6b6a8
0x00007000080abb30:   00007000080abb30 000000010cd6b639
0x00007000080abb40:   00007000080abba0 000000010cdb9f48
0x00007000080abb50:   0000000000000000 000000061fea5ef8
0x00007000080abb60:   000000010cd6b648 00007000080abad8 

Instructions: (pc=0x0000000133626fbd)
0x0000000133626f9d:   a0 ff 50 50 eb 1d 48 8b 75 a8 48 8b 06 48 8d 7d
0x0000000133626fad:   b8 48 8d 8d 78 ff ff ff 4c 8d 45 88 48 8b 55 a0
0x0000000133626fbd:   ff 50 58 4d 89 fc 0f b7 45 b8 66 89 45 c8 66 c7
0x0000000133626fcd:   45 b8 00 00 8a 45 ba c6 45 ba 00 88 45 ca 48 8b 

Stack slot to memory mapping:
stack at sp + 0 slots: 0x00007000080ab990 is pointing into the stack for thread: 0x00007fe9c9811000
stack at sp + 1 slots: 0x00007fe9c8744ac0 points into unknown readable memory: 6c 69 61 6f 63 68 75 6e
stack at sp + 2 slots: 0x000000000000000b is an unknown value
stack at sp + 3 slots: 0x00007fe9c8743730 points into unknown readable memory: 6c 69 61 6f 63 68 75 6e
stack at sp + 4 slots: 0x000000000000000b is an unknown value
stack at sp + 5 slots: 0x0 is NULL
stack at sp + 6 slots: 0x00007fe9ca0395b0 points into unknown readable memory: 01 00 00 00 00 00 00 50
stack at sp + 7 slots: 0x00007fe9b914a400 points into unknown readable memory: 00 00 00 00 00 00 00 00


---------------  P R O C E S S  ---------------

Threads class SMR info:
_java_thread_list=0x00007fe9b843a160, length=10, elements={
0x00007fe9c9811000, 0x00007fe9c9841000, 0x00007fe9c9846000, 0x00007fe978814800,
0x00007fe978817800, 0x00007fe9c903d000, 0x00007fe9c903e000, 0x00007fe9b90b0800,
0x00007fe9a8869000, 0x00007fe9c9090000
}

Java Threads: ( => current thread )
=>0x00007fe9c9811000 JavaThread "main" [_thread_in_native, id=5635, stack(0x0000700007fad000,0x00007000080ad000)]
  0x00007fe9c9841000 JavaThread "Reference Handler" daemon [_thread_blocked, id=13827, stack(0x00007000086c2000,0x00007000087c2000)]
  0x00007fe9c9846000 JavaThread "Finalizer" daemon [_thread_blocked, id=19459, stack(0x00007000087c5000,0x00007000088c5000)]
  0x00007fe978814800 JavaThread "Signal Dispatcher" daemon [_thread_blocked, id=16131, stack(0x00007000089ce000,0x0000700008ace000)]
  0x00007fe978817800 JavaThread "C2 CompilerThread0" daemon [_thread_blocked, id=16899, stack(0x0000700008ad1000,0x0000700008bd1000)]
  0x00007fe9c903d000 JavaThread "C1 CompilerThread0" daemon [_thread_blocked, id=17667, stack(0x0000700008bd4000,0x0000700008cd4000)]
  0x00007fe9c903e000 JavaThread "Sweeper thread" daemon [_thread_blocked, id=22019, stack(0x0000700008cd7000,0x0000700008dd7000)]
  0x00007fe9b90b0800 JavaThread "Common-Cleaner" daemon [_thread_blocked, id=22787, stack(0x0000700008dda000,0x0000700008eda000)]
  0x00007fe9a8869000 JavaThread "JDWP Event Helper Thread" daemon [_thread_blocked, id=42243, stack(0x0000700008fe0000,0x00007000090e0000)]
  0x00007fe9c9090000 JavaThread "Service Thread" daemon [_thread_blocked, id=23811, stack(0x00007000091e6000,0x00007000092e6000)]

Other Threads:
  0x00007fe97880a800 VMThread "VM Thread" [stack: 0x00007000085bf000,0x00007000086bf000] [id=20227]
  0x00007fe9b897c000 WatcherThread [stack: 0x00007000092e9000,0x00007000093e9000] [id=24067]
  0x00007fe9b8809000 GCTaskThread "GC Thread#0" [stack: 0x00007000080b0000,0x00007000081b0000] [id=21251]
  0x00007fe9b9133000 GCTaskThread "GC Thread#1" [stack: 0x00007000093ec000,0x00007000094ec000] [id=40963]
  0x00007fe9a89a0800 GCTaskThread "GC Thread#2" [stack: 0x00007000094ef000,0x00007000095ef000] [id=40707]
  0x00007fe9b9133800 GCTaskThread "GC Thread#3" [stack: 0x00007000095f2000,0x00007000096f2000] [id=25091]
  0x00007fe9b8ab3800 GCTaskThread "GC Thread#4" [stack: 0x00007000096f5000,0x00007000097f5000] [id=25603]
  0x00007fe9c8983000 GCTaskThread "GC Thread#5" [stack: 0x00007000097f8000,0x00007000098f8000] [id=26115]
  0x00007fe9a8a11800 GCTaskThread "GC Thread#6" [stack: 0x00007000098fb000,0x00007000099fb000] [id=40451]
  0x00007fe9a8a12000 GCTaskThread "GC Thread#7" [stack: 0x00007000099fe000,0x0000700009afe000] [id=40195]
  0x00007fe9c9039800 ConcurrentGCThread "G1 Main Marker" [stack: 0x00007000081b3000,0x00007000082b3000] [id=11779]
  0x00007fe9a8808800 ConcurrentGCThread "G1 Conc#0" [stack: 0x00007000082b6000,0x00007000083b6000] [id=20739]
  0x00007fe9b888b000 ConcurrentGCThread "G1 Refine#0" [stack: 0x00007000083b9000,0x00007000084b9000] [id=20483]
  0x00007fe9b9072000 ConcurrentGCThread "G1 Young RemSet Sampling" [stack: 0x00007000084bc000,0x00007000085bc000] [id=13059]

Threads with active compile tasks:

VM state:not at safepoint (normal execution)

VM Mutex/Monitor currently owned by a thread: None

Heap address: 0x0000000600000000, size: 8192 MB, Compressed Oops mode: Zero based, Oop shift amount: 3
Narrow klass base: 0x0000000800000000, Narrow klass shift: 0
Compressed class space size: 1073741824 Address: 0x0000000800000000

Heap:
 garbage-first heap   total 524288K, used 10408K [0x0000000600000000, 0x0000000800000000)
  region size 2048K, 5 young (10240K), 2 survivors (4096K)
 Metaspace       used 12695K, capacity 12918K, committed 13184K, reserved 1060864K
  class space    used 1228K, capacity 1302K, committed 1408K, reserved 1048576K
Heap Regions: E=young(eden), S=young(survivor), O=old, HS=humongous(starts), HC=humongous(continues), CS=collection set, F=free, A=archive, TAMS=top-at-mark-start (previous, next)
|   0|0x0000000600000000, 0x0000000600200000, 0x0000000600200000|100%| O|  |TAMS 0x0000000600000000, 0x0000000600000000| Untracked 
|   1|0x0000000600200000, 0x000000060022a200, 0x0000000600400000|  8%| O|  |TAMS 0x0000000600200000, 0x0000000600200000| Untracked 
|   2|0x0000000600400000, 0x0000000600400000, 0x0000000600600000|  0%| F|  |TAMS 0x0000000600400000, 0x0000000600400000| Untracked 
|   3|0x0000000600600000, 0x0000000600600000, 0x0000000600800000|  0%| F|  |TAMS 0x0000000600600000, 0x0000000600600000| Untracked 
|   4|0x0000000600800000, 0x0000000600800000, 0x0000000600a00000|  0%| F|  |TAMS 0x0000000600800000, 0x0000000600800000| Untracked 
|   5|0x0000000600a00000, 0x0000000600a00000, 0x0000000600c00000|  0%| F|  |TAMS 0x0000000600a00000, 0x0000000600a00000| Untracked 
|   6|0x0000000600c00000, 0x0000000600c00000, 0x0000000600e00000|  0%| F|  |TAMS 0x0000000600c00000, 0x0000000600c00000| Untracked 
|   7|0x0000000600e00000, 0x0000000600e00000, 0x0000000601000000|  0%| F|  |TAMS 0x0000000600e00000, 0x0000000600e00000| Untracked 
|   8|0x0000000601000000, 0x0000000601000000, 0x0000000601200000|  0%| F|  |TAMS 0x0000000601000000, 0x0000000601000000| Untracked 
|   9|0x0000000601200000, 0x0000000601200000, 0x0000000601400000|  0%| F|  |TAMS 0x0000000601200000, 0x0000000601200000| Untracked 
|  10|0x0000000601400000, 0x0000000601400000, 0x0000000601600000|  0%| F|  |TAMS 0x0000000601400000, 0x0000000601400000| Untracked 
|  11|0x0000000601600000, 0x0000000601600000, 0x0000000601800000|  0%| F|  |TAMS 0x0000000601600000, 0x0000000601600000| Untracked 
|  12|0x0000000601800000, 0x0000000601800000, 0x0000000601a00000|  0%| F|  |TAMS 0x0000000601800000, 0x0000000601800000| Untracked 
|  13|0x0000000601a00000, 0x0000000601a00000, 0x0000000601c00000|  0%| F|  |TAMS 0x0000000601a00000, 0x0000000601a00000| Untracked 
|  14|0x0000000601c00000, 0x0000000601c00000, 0x0000000601e00000|  0%| F|  |TAMS 0x0000000601c00000, 0x0000000601c00000| Untracked 
|  15|0x0000000601e00000, 0x0000000601e00000, 0x0000000602000000|  0%| F|  |TAMS 0x0000000601e00000, 0x0000000601e00000| Untracked 
|  16|0x0000000602000000, 0x0000000602000000, 0x0000000602200000|  0%| F|  |TAMS 0x0000000602000000, 0x0000000602000000| Untracked 
|  17|0x0000000602200000, 0x0000000602200000, 0x0000000602400000|  0%| F|  |TAMS 0x0000000602200000, 0x0000000602200000| Untracked 
|  18|0x0000000602400000, 0x0000000602400000, 0x0000000602600000|  0%| F|  |TAMS 0x0000000602400000, 0x0000000602400000| Untracked 
|  19|0x0000000602600000, 0x0000000602600000, 0x0000000602800000|  0%| F|  |TAMS 0x0000000602600000, 0x0000000602600000| Untracked 
|  20|0x0000000602800000, 0x0000000602800000, 0x0000000602a00000|  0%| F|  |TAMS 0x0000000602800000, 0x0000000602800000| Untracked 
|  21|0x0000000602a00000, 0x0000000602a00000, 0x0000000602c00000|  0%| F|  |TAMS 0x0000000602a00000, 0x0000000602a00000| Untracked 
|  22|0x0000000602c00000, 0x0000000602c00000, 0x0000000602e00000|  0%| F|  |TAMS 0x0000000602c00000, 0x0000000602c00000| Untracked 
|  23|0x0000000602e00000, 0x0000000602e00000, 0x0000000603000000|  0%| F|  |TAMS 0x0000000602e00000, 0x0000000602e00000| Untracked 
|  24|0x0000000603000000, 0x0000000603000000, 0x0000000603200000|  0%| F|  |TAMS 0x0000000603000000, 0x0000000603000000| Untracked 
|  25|0x0000000603200000, 0x0000000603200000, 0x0000000603400000|  0%| F|  |TAMS 0x0000000603200000, 0x0000000603200000| Untracked 
|  26|0x0000000603400000, 0x0000000603400000, 0x0000000603600000|  0%| F|  |TAMS 0x0000000603400000, 0x0000000603400000| Untracked 
|  27|0x0000000603600000, 0x0000000603600000, 0x0000000603800000|  0%| F|  |TAMS 0x0000000603600000, 0x0000000603600000| Untracked 
|  28|0x0000000603800000, 0x0000000603800000, 0x0000000603a00000|  0%| F|  |TAMS 0x0000000603800000, 0x0000000603800000| Untracked 
|  29|0x0000000603a00000, 0x0000000603a00000, 0x0000000603c00000|  0%| F|  |TAMS 0x0000000603a00000, 0x0000000603a00000| Untracked 
|  30|0x0000000603c00000, 0x0000000603c00000, 0x0000000603e00000|  0%| F|  |TAMS 0x0000000603c00000, 0x0000000603c00000| Untracked 
|  31|0x0000000603e00000, 0x0000000603e00000, 0x0000000604000000|  0%| F|  |TAMS 0x0000000603e00000, 0x0000000603e00000| Untracked 
|  32|0x0000000604000000, 0x0000000604000000, 0x0000000604200000|  0%| F|  |TAMS 0x0000000604000000, 0x0000000604000000| Untracked 
|  33|0x0000000604200000, 0x0000000604200000, 0x0000000604400000|  0%| F|  |TAMS 0x0000000604200000, 0x0000000604200000| Untracked 
|  34|0x0000000604400000, 0x0000000604400000, 0x0000000604600000|  0%| F|  |TAMS 0x0000000604400000, 0x0000000604400000| Untracked 
|  35|0x0000000604600000, 0x0000000604600000, 0x0000000604800000|  0%| F|  |TAMS 0x0000000604600000, 0x0000000604600000| Untracked 
|  36|0x0000000604800000, 0x0000000604800000, 0x0000000604a00000|  0%| F|  |TAMS 0x0000000604800000, 0x0000000604800000| Untracked 
|  37|0x0000000604a00000, 0x0000000604a00000, 0x0000000604c00000|  0%| F|  |TAMS 0x0000000604a00000, 0x0000000604a00000| Untracked 
|  38|0x0000000604c00000, 0x0000000604c00000, 0x0000000604e00000|  0%| F|  |TAMS 0x0000000604c00000, 0x0000000604c00000| Untracked 
|  39|0x0000000604e00000, 0x0000000604e00000, 0x0000000605000000|  0%| F|  |TAMS 0x0000000604e00000, 0x0000000604e00000| Untracked 
|  40|0x0000000605000000, 0x0000000605000000, 0x0000000605200000|  0%| F|  |TAMS 0x0000000605000000, 0x0000000605000000| Untracked 
|  41|0x0000000605200000, 0x0000000605200000, 0x0000000605400000|  0%| F|  |TAMS 0x0000000605200000, 0x0000000605200000| Untracked 
|  42|0x0000000605400000, 0x0000000605400000, 0x0000000605600000|  0%| F|  |TAMS 0x0000000605400000, 0x0000000605400000| Untracked 
|  43|0x0000000605600000, 0x0000000605600000, 0x0000000605800000|  0%| F|  |TAMS 0x0000000605600000, 0x0000000605600000| Untracked 
|  44|0x0000000605800000, 0x0000000605800000, 0x0000000605a00000|  0%| F|  |TAMS 0x0000000605800000, 0x0000000605800000| Untracked 
|  45|0x0000000605a00000, 0x0000000605a00000, 0x0000000605c00000|  0%| F|  |TAMS 0x0000000605a00000, 0x0000000605a00000| Untracked 
|  46|0x0000000605c00000, 0x0000000605c00000, 0x0000000605e00000|  0%| F|  |TAMS 0x0000000605c00000, 0x0000000605c00000| Untracked 
|  47|0x0000000605e00000, 0x0000000605e00000, 0x0000000606000000|  0%| F|  |TAMS 0x0000000605e00000, 0x0000000605e00000| Untracked 
|  48|0x0000000606000000, 0x0000000606000000, 0x0000000606200000|  0%| F|  |TAMS 0x0000000606000000, 0x0000000606000000| Untracked 
|  49|0x0000000606200000, 0x0000000606200000, 0x0000000606400000|  0%| F|  |TAMS 0x0000000606200000, 0x0000000606200000| Untracked 
|  50|0x0000000606400000, 0x0000000606400000, 0x0000000606600000|  0%| F|  |TAMS 0x0000000606400000, 0x0000000606400000| Untracked 
|  51|0x0000000606600000, 0x0000000606600000, 0x0000000606800000|  0%| F|  |TAMS 0x0000000606600000, 0x0000000606600000| Untracked 
|  52|0x0000000606800000, 0x0000000606800000, 0x0000000606a00000|  0%| F|  |TAMS 0x0000000606800000, 0x0000000606800000| Untracked 
|  53|0x0000000606a00000, 0x0000000606a00000, 0x0000000606c00000|  0%| F|  |TAMS 0x0000000606a00000, 0x0000000606a00000| Untracked 
|  54|0x0000000606c00000, 0x0000000606c00000, 0x0000000606e00000|  0%| F|  |TAMS 0x0000000606c00000, 0x0000000606c00000| Untracked 
|  55|0x0000000606e00000, 0x0000000606e00000, 0x0000000607000000|  0%| F|  |TAMS 0x0000000606e00000, 0x0000000606e00000| Untracked 
|  56|0x0000000607000000, 0x0000000607000000, 0x0000000607200000|  0%| F|  |TAMS 0x0000000607000000, 0x0000000607000000| Untracked 
|  57|0x0000000607200000, 0x0000000607200000, 0x0000000607400000|  0%| F|  |TAMS 0x0000000607200000, 0x0000000607200000| Untracked 
|  58|0x0000000607400000, 0x0000000607400000, 0x0000000607600000|  0%| F|  |TAMS 0x0000000607400000, 0x0000000607400000| Untracked 
|  59|0x0000000607600000, 0x0000000607600000, 0x0000000607800000|  0%| F|  |TAMS 0x0000000607600000, 0x0000000607600000| Untracked 
|  60|0x0000000607800000, 0x0000000607800000, 0x0000000607a00000|  0%| F|  |TAMS 0x0000000607800000, 0x0000000607800000| Untracked 
|  61|0x0000000607a00000, 0x0000000607a00000, 0x0000000607c00000|  0%| F|  |TAMS 0x0000000607a00000, 0x0000000607a00000| Untracked 
|  62|0x0000000607c00000, 0x0000000607c00000, 0x0000000607e00000|  0%| F|  |TAMS 0x0000000607c00000, 0x0000000607c00000| Untracked 
|  63|0x0000000607e00000, 0x0000000607e00000, 0x0000000608000000|  0%| F|  |TAMS 0x0000000607e00000, 0x0000000607e00000| Untracked 
|  64|0x0000000608000000, 0x0000000608000000, 0x0000000608200000|  0%| F|  |TAMS 0x0000000608000000, 0x0000000608000000| Untracked 
|  65|0x0000000608200000, 0x0000000608200000, 0x0000000608400000|  0%| F|  |TAMS 0x0000000608200000, 0x0000000608200000| Untracked 
|  66|0x0000000608400000, 0x0000000608400000, 0x0000000608600000|  0%| F|  |TAMS 0x0000000608400000, 0x0000000608400000| Untracked 
|  67|0x0000000608600000, 0x0000000608600000, 0x0000000608800000|  0%| F|  |TAMS 0x0000000608600000, 0x0000000608600000| Untracked 
|  68|0x0000000608800000, 0x0000000608800000, 0x0000000608a00000|  0%| F|  |TAMS 0x0000000608800000, 0x0000000608800000| Untracked 
|  69|0x0000000608a00000, 0x0000000608a00000, 0x0000000608c00000|  0%| F|  |TAMS 0x0000000608a00000, 0x0000000608a00000| Untracked 
|  70|0x0000000608c00000, 0x0000000608c00000, 0x0000000608e00000|  0%| F|  |TAMS 0x0000000608c00000, 0x0000000608c00000| Untracked 
|  71|0x0000000608e00000, 0x0000000608e00000, 0x0000000609000000|  0%| F|  |TAMS 0x0000000608e00000, 0x0000000608e00000| Untracked 
|  72|0x0000000609000000, 0x0000000609000000, 0x0000000609200000|  0%| F|  |TAMS 0x0000000609000000, 0x0000000609000000| Untracked 
|  73|0x0000000609200000, 0x0000000609200000, 0x0000000609400000|  0%| F|  |TAMS 0x0000000609200000, 0x0000000609200000| Untracked 
|  74|0x0000000609400000, 0x0000000609400000, 0x0000000609600000|  0%| F|  |TAMS 0x0000000609400000, 0x0000000609400000| Untracked 
|  75|0x0000000609600000, 0x0000000609600000, 0x0000000609800000|  0%| F|  |TAMS 0x0000000609600000, 0x0000000609600000| Untracked 
|  76|0x0000000609800000, 0x0000000609800000, 0x0000000609a00000|  0%| F|  |TAMS 0x0000000609800000, 0x0000000609800000| Untracked 
|  77|0x0000000609a00000, 0x0000000609a00000, 0x0000000609c00000|  0%| F|  |TAMS 0x0000000609a00000, 0x0000000609a00000| Untracked 
|  78|0x0000000609c00000, 0x0000000609c00000, 0x0000000609e00000|  0%| F|  |TAMS 0x0000000609c00000, 0x0000000609c00000| Untracked 
|  79|0x0000000609e00000, 0x0000000609e00000, 0x000000060a000000|  0%| F|  |TAMS 0x0000000609e00000, 0x0000000609e00000| Untracked 
|  80|0x000000060a000000, 0x000000060a000000, 0x000000060a200000|  0%| F|  |TAMS 0x000000060a000000, 0x000000060a000000| Untracked 
|  81|0x000000060a200000, 0x000000060a200000, 0x000000060a400000|  0%| F|  |TAMS 0x000000060a200000, 0x000000060a200000| Untracked 
|  82|0x000000060a400000, 0x000000060a400000, 0x000000060a600000|  0%| F|  |TAMS 0x000000060a400000, 0x000000060a400000| Untracked 
|  83|0x000000060a600000, 0x000000060a600000, 0x000000060a800000|  0%| F|  |TAMS 0x000000060a600000, 0x000000060a600000| Untracked 
|  84|0x000000060a800000, 0x000000060a800000, 0x000000060aa00000|  0%| F|  |TAMS 0x000000060a800000, 0x000000060a800000| Untracked 
|  85|0x000000060aa00000, 0x000000060aa00000, 0x000000060ac00000|  0%| F|  |TAMS 0x000000060aa00000, 0x000000060aa00000| Untracked 
|  86|0x000000060ac00000, 0x000000060ac00000, 0x000000060ae00000|  0%| F|  |TAMS 0x000000060ac00000, 0x000000060ac00000| Untracked 
|  87|0x000000060ae00000, 0x000000060ae00000, 0x000000060b000000|  0%| F|  |TAMS 0x000000060ae00000, 0x000000060ae00000| Untracked 
|  88|0x000000060b000000, 0x000000060b000000, 0x000000060b200000|  0%| F|  |TAMS 0x000000060b000000, 0x000000060b000000| Untracked 
|  89|0x000000060b200000, 0x000000060b200000, 0x000000060b400000|  0%| F|  |TAMS 0x000000060b200000, 0x000000060b200000| Untracked 
|  90|0x000000060b400000, 0x000000060b400000, 0x000000060b600000|  0%| F|  |TAMS 0x000000060b400000, 0x000000060b400000| Untracked 
|  91|0x000000060b600000, 0x000000060b600000, 0x000000060b800000|  0%| F|  |TAMS 0x000000060b600000, 0x000000060b600000| Untracked 
|  92|0x000000060b800000, 0x000000060b800000, 0x000000060ba00000|  0%| F|  |TAMS 0x000000060b800000, 0x000000060b800000| Untracked 
|  93|0x000000060ba00000, 0x000000060ba00000, 0x000000060bc00000|  0%| F|  |TAMS 0x000000060ba00000, 0x000000060ba00000| Untracked 
|  94|0x000000060bc00000, 0x000000060bc00000, 0x000000060be00000|  0%| F|  |TAMS 0x000000060bc00000, 0x000000060bc00000| Untracked 
|  95|0x000000060be00000, 0x000000060be00000, 0x000000060c000000|  0%| F|  |TAMS 0x000000060be00000, 0x000000060be00000| Untracked 
|  96|0x000000060c000000, 0x000000060c000000, 0x000000060c200000|  0%| F|  |TAMS 0x000000060c000000, 0x000000060c000000| Untracked 
|  97|0x000000060c200000, 0x000000060c200000, 0x000000060c400000|  0%| F|  |TAMS 0x000000060c200000, 0x000000060c200000| Untracked 
|  98|0x000000060c400000, 0x000000060c400000, 0x000000060c600000|  0%| F|  |TAMS 0x000000060c400000, 0x000000060c400000| Untracked 
|  99|0x000000060c600000, 0x000000060c600000, 0x000000060c800000|  0%| F|  |TAMS 0x000000060c600000, 0x000000060c600000| Untracked 
| 100|0x000000060c800000, 0x000000060c800000, 0x000000060ca00000|  0%| F|  |TAMS 0x000000060c800000, 0x000000060c800000| Untracked 
| 101|0x000000060ca00000, 0x000000060ca00000, 0x000000060cc00000|  0%| F|  |TAMS 0x000000060ca00000, 0x000000060ca00000| Untracked 
| 102|0x000000060cc00000, 0x000000060cc00000, 0x000000060ce00000|  0%| F|  |TAMS 0x000000060cc00000, 0x000000060cc00000| Untracked 
| 103|0x000000060ce00000, 0x000000060ce00000, 0x000000060d000000|  0%| F|  |TAMS 0x000000060ce00000, 0x000000060ce00000| Untracked 
| 104|0x000000060d000000, 0x000000060d000000, 0x000000060d200000|  0%| F|  |TAMS 0x000000060d000000, 0x000000060d000000| Untracked 
| 105|0x000000060d200000, 0x000000060d200000, 0x000000060d400000|  0%| F|  |TAMS 0x000000060d200000, 0x000000060d200000| Untracked 
| 106|0x000000060d400000, 0x000000060d400000, 0x000000060d600000|  0%| F|  |TAMS 0x000000060d400000, 0x000000060d400000| Untracked 
| 107|0x000000060d600000, 0x000000060d600000, 0x000000060d800000|  0%| F|  |TAMS 0x000000060d600000, 0x000000060d600000| Untracked 
| 108|0x000000060d800000, 0x000000060d800000, 0x000000060da00000|  0%| F|  |TAMS 0x000000060d800000, 0x000000060d800000| Untracked 
| 109|0x000000060da00000, 0x000000060da00000, 0x000000060dc00000|  0%| F|  |TAMS 0x000000060da00000, 0x000000060da00000| Untracked 
| 110|0x000000060dc00000, 0x000000060dc00000, 0x000000060de00000|  0%| F|  |TAMS 0x000000060dc00000, 0x000000060dc00000| Untracked 
| 111|0x000000060de00000, 0x000000060de00000, 0x000000060e000000|  0%| F|  |TAMS 0x000000060de00000, 0x000000060de00000| Untracked 
| 112|0x000000060e000000, 0x000000060e000000, 0x000000060e200000|  0%| F|  |TAMS 0x000000060e000000, 0x000000060e000000| Untracked 
| 113|0x000000060e200000, 0x000000060e200000, 0x000000060e400000|  0%| F|  |TAMS 0x000000060e200000, 0x000000060e200000| Untracked 
| 114|0x000000060e400000, 0x000000060e400000, 0x000000060e600000|  0%| F|  |TAMS 0x000000060e400000, 0x000000060e400000| Untracked 
| 115|0x000000060e600000, 0x000000060e600000, 0x000000060e800000|  0%| F|  |TAMS 0x000000060e600000, 0x000000060e600000| Untracked 
| 116|0x000000060e800000, 0x000000060e800000, 0x000000060ea00000|  0%| F|  |TAMS 0x000000060e800000, 0x000000060e800000| Untracked 
| 117|0x000000060ea00000, 0x000000060ea00000, 0x000000060ec00000|  0%| F|  |TAMS 0x000000060ea00000, 0x000000060ea00000| Untracked 
| 118|0x000000060ec00000, 0x000000060ec00000, 0x000000060ee00000|  0%| F|  |TAMS 0x000000060ec00000, 0x000000060ec00000| Untracked 
| 119|0x000000060ee00000, 0x000000060ee00000, 0x000000060f000000|  0%| F|  |TAMS 0x000000060ee00000, 0x000000060ee00000| Untracked 
| 120|0x000000060f000000, 0x000000060f000000, 0x000000060f200000|  0%| F|  |TAMS 0x000000060f000000, 0x000000060f000000| Untracked 
| 121|0x000000060f200000, 0x000000060f200000, 0x000000060f400000|  0%| F|  |TAMS 0x000000060f200000, 0x000000060f200000| Untracked 
| 122|0x000000060f400000, 0x000000060f400000, 0x000000060f600000|  0%| F|  |TAMS 0x000000060f400000, 0x000000060f400000| Untracked 
| 123|0x000000060f600000, 0x000000060f600000, 0x000000060f800000|  0%| F|  |TAMS 0x000000060f600000, 0x000000060f600000| Untracked 
| 124|0x000000060f800000, 0x000000060f800000, 0x000000060fa00000|  0%| F|  |TAMS 0x000000060f800000, 0x000000060f800000| Untracked 
| 125|0x000000060fa00000, 0x000000060fa00000, 0x000000060fc00000|  0%| F|  |TAMS 0x000000060fa00000, 0x000000060fa00000| Untracked 
| 126|0x000000060fc00000, 0x000000060fc00000, 0x000000060fe00000|  0%| F|  |TAMS 0x000000060fc00000, 0x000000060fc00000| Untracked 
| 127|0x000000060fe00000, 0x000000060fe00000, 0x0000000610000000|  0%| F|  |TAMS 0x000000060fe00000, 0x000000060fe00000| Untracked 
| 128|0x0000000610000000, 0x0000000610000000, 0x0000000610200000|  0%| F|  |TAMS 0x0000000610000000, 0x0000000610000000| Untracked 
| 129|0x0000000610200000, 0x0000000610200000, 0x0000000610400000|  0%| F|  |TAMS 0x0000000610200000, 0x0000000610200000| Untracked 
| 130|0x0000000610400000, 0x0000000610400000, 0x0000000610600000|  0%| F|  |TAMS 0x0000000610400000, 0x0000000610400000| Untracked 
| 131|0x0000000610600000, 0x0000000610600000, 0x0000000610800000|  0%| F|  |TAMS 0x0000000610600000, 0x0000000610600000| Untracked 
| 132|0x0000000610800000, 0x0000000610800000, 0x0000000610a00000|  0%| F|  |TAMS 0x0000000610800000, 0x0000000610800000| Untracked 
| 133|0x0000000610a00000, 0x0000000610a00000, 0x0000000610c00000|  0%| F|  |TAMS 0x0000000610a00000, 0x0000000610a00000| Untracked 
| 134|0x0000000610c00000, 0x0000000610c00000, 0x0000000610e00000|  0%| F|  |TAMS 0x0000000610c00000, 0x0000000610c00000| Untracked 
| 135|0x0000000610e00000, 0x0000000610e00000, 0x0000000611000000|  0%| F|  |TAMS 0x0000000610e00000, 0x0000000610e00000| Untracked 
| 136|0x0000000611000000, 0x0000000611000000, 0x0000000611200000|  0%| F|  |TAMS 0x0000000611000000, 0x0000000611000000| Untracked 
| 137|0x0000000611200000, 0x0000000611200000, 0x0000000611400000|  0%| F|  |TAMS 0x0000000611200000, 0x0000000611200000| Untracked 
| 138|0x0000000611400000, 0x0000000611400000, 0x0000000611600000|  0%| F|  |TAMS 0x0000000611400000, 0x0000000611400000| Untracked 
| 139|0x0000000611600000, 0x0000000611600000, 0x0000000611800000|  0%| F|  |TAMS 0x0000000611600000, 0x0000000611600000| Untracked 
| 140|0x0000000611800000, 0x0000000611800000, 0x0000000611a00000|  0%| F|  |TAMS 0x0000000611800000, 0x0000000611800000| Untracked 
| 141|0x0000000611a00000, 0x0000000611a00000, 0x0000000611c00000|  0%| F|  |TAMS 0x0000000611a00000, 0x0000000611a00000| Untracked 
| 142|0x0000000611c00000, 0x0000000611c00000, 0x0000000611e00000|  0%| F|  |TAMS 0x0000000611c00000, 0x0000000611c00000| Untracked 
| 143|0x0000000611e00000, 0x0000000611e00000, 0x0000000612000000|  0%| F|  |TAMS 0x0000000611e00000, 0x0000000611e00000| Untracked 
| 144|0x0000000612000000, 0x0000000612000000, 0x0000000612200000|  0%| F|  |TAMS 0x0000000612000000, 0x0000000612000000| Untracked 
| 145|0x0000000612200000, 0x0000000612200000, 0x0000000612400000|  0%| F|  |TAMS 0x0000000612200000, 0x0000000612200000| Untracked 
| 146|0x0000000612400000, 0x0000000612400000, 0x0000000612600000|  0%| F|  |TAMS 0x0000000612400000, 0x0000000612400000| Untracked 
| 147|0x0000000612600000, 0x0000000612600000, 0x0000000612800000|  0%| F|  |TAMS 0x0000000612600000, 0x0000000612600000| Untracked 
| 148|0x0000000612800000, 0x0000000612800000, 0x0000000612a00000|  0%| F|  |TAMS 0x0000000612800000, 0x0000000612800000| Untracked 
| 149|0x0000000612a00000, 0x0000000612a00000, 0x0000000612c00000|  0%| F|  |TAMS 0x0000000612a00000, 0x0000000612a00000| Untracked 
| 150|0x0000000612c00000, 0x0000000612c00000, 0x0000000612e00000|  0%| F|  |TAMS 0x0000000612c00000, 0x0000000612c00000| Untracked 
| 151|0x0000000612e00000, 0x0000000612e00000, 0x0000000613000000|  0%| F|  |TAMS 0x0000000612e00000, 0x0000000612e00000| Untracked 
| 152|0x0000000613000000, 0x0000000613000000, 0x0000000613200000|  0%| F|  |TAMS 0x0000000613000000, 0x0000000613000000| Untracked 
| 153|0x0000000613200000, 0x0000000613200000, 0x0000000613400000|  0%| F|  |TAMS 0x0000000613200000, 0x0000000613200000| Untracked 
| 154|0x0000000613400000, 0x0000000613400000, 0x0000000613600000|  0%| F|  |TAMS 0x0000000613400000, 0x0000000613400000| Untracked 
| 155|0x0000000613600000, 0x0000000613600000, 0x0000000613800000|  0%| F|  |TAMS 0x0000000613600000, 0x0000000613600000| Untracked 
| 156|0x0000000613800000, 0x0000000613800000, 0x0000000613a00000|  0%| F|  |TAMS 0x0000000613800000, 0x0000000613800000| Untracked 
| 157|0x0000000613a00000, 0x0000000613a00000, 0x0000000613c00000|  0%| F|  |TAMS 0x0000000613a00000, 0x0000000613a00000| Untracked 
| 158|0x0000000613c00000, 0x0000000613c00000, 0x0000000613e00000|  0%| F|  |TAMS 0x0000000613c00000, 0x0000000613c00000| Untracked 
| 159|0x0000000613e00000, 0x0000000613e00000, 0x0000000614000000|  0%| F|  |TAMS 0x0000000613e00000, 0x0000000613e00000| Untracked 
| 160|0x0000000614000000, 0x0000000614000000, 0x0000000614200000|  0%| F|  |TAMS 0x0000000614000000, 0x0000000614000000| Untracked 
| 161|0x0000000614200000, 0x0000000614200000, 0x0000000614400000|  0%| F|  |TAMS 0x0000000614200000, 0x0000000614200000| Untracked 
| 162|0x0000000614400000, 0x0000000614400000, 0x0000000614600000|  0%| F|  |TAMS 0x0000000614400000, 0x0000000614400000| Untracked 
| 163|0x0000000614600000, 0x0000000614600000, 0x0000000614800000|  0%| F|  |TAMS 0x0000000614600000, 0x0000000614600000| Untracked 
| 164|0x0000000614800000, 0x0000000614800000, 0x0000000614a00000|  0%| F|  |TAMS 0x0000000614800000, 0x0000000614800000| Untracked 
| 165|0x0000000614a00000, 0x0000000614a00000, 0x0000000614c00000|  0%| F|  |TAMS 0x0000000614a00000, 0x0000000614a00000| Untracked 
| 166|0x0000000614c00000, 0x0000000614c00000, 0x0000000614e00000|  0%| F|  |TAMS 0x0000000614c00000, 0x0000000614c00000| Untracked 
| 167|0x0000000614e00000, 0x0000000614e00000, 0x0000000615000000|  0%| F|  |TAMS 0x0000000614e00000, 0x0000000614e00000| Untracked 
| 168|0x0000000615000000, 0x0000000615000000, 0x0000000615200000|  0%| F|  |TAMS 0x0000000615000000, 0x0000000615000000| Untracked 
| 169|0x0000000615200000, 0x0000000615200000, 0x0000000615400000|  0%| F|  |TAMS 0x0000000615200000, 0x0000000615200000| Untracked 
| 170|0x0000000615400000, 0x0000000615400000, 0x0000000615600000|  0%| F|  |TAMS 0x0000000615400000, 0x0000000615400000| Untracked 
| 171|0x0000000615600000, 0x0000000615600000, 0x0000000615800000|  0%| F|  |TAMS 0x0000000615600000, 0x0000000615600000| Untracked 
| 172|0x0000000615800000, 0x0000000615800000, 0x0000000615a00000|  0%| F|  |TAMS 0x0000000615800000, 0x0000000615800000| Untracked 
| 173|0x0000000615a00000, 0x0000000615a00000, 0x0000000615c00000|  0%| F|  |TAMS 0x0000000615a00000, 0x0000000615a00000| Untracked 
| 174|0x0000000615c00000, 0x0000000615c00000, 0x0000000615e00000|  0%| F|  |TAMS 0x0000000615c00000, 0x0000000615c00000| Untracked 
| 175|0x0000000615e00000, 0x0000000615e00000, 0x0000000616000000|  0%| F|  |TAMS 0x0000000615e00000, 0x0000000615e00000| Untracked 
| 176|0x0000000616000000, 0x0000000616000000, 0x0000000616200000|  0%| F|  |TAMS 0x0000000616000000, 0x0000000616000000| Untracked 
| 177|0x0000000616200000, 0x0000000616200000, 0x0000000616400000|  0%| F|  |TAMS 0x0000000616200000, 0x0000000616200000| Untracked 
| 178|0x0000000616400000, 0x0000000616400000, 0x0000000616600000|  0%| F|  |TAMS 0x0000000616400000, 0x0000000616400000| Untracked 
| 179|0x0000000616600000, 0x0000000616600000, 0x0000000616800000|  0%| F|  |TAMS 0x0000000616600000, 0x0000000616600000| Untracked 
| 180|0x0000000616800000, 0x0000000616800000, 0x0000000616a00000|  0%| F|  |TAMS 0x0000000616800000, 0x0000000616800000| Untracked 
| 181|0x0000000616a00000, 0x0000000616a00000, 0x0000000616c00000|  0%| F|  |TAMS 0x0000000616a00000, 0x0000000616a00000| Untracked 
| 182|0x0000000616c00000, 0x0000000616c00000, 0x0000000616e00000|  0%| F|  |TAMS 0x0000000616c00000, 0x0000000616c00000| Untracked 
| 183|0x0000000616e00000, 0x0000000616e00000, 0x0000000617000000|  0%| F|  |TAMS 0x0000000616e00000, 0x0000000616e00000| Untracked 
| 184|0x0000000617000000, 0x0000000617000000, 0x0000000617200000|  0%| F|  |TAMS 0x0000000617000000, 0x0000000617000000| Untracked 
| 185|0x0000000617200000, 0x0000000617200000, 0x0000000617400000|  0%| F|  |TAMS 0x0000000617200000, 0x0000000617200000| Untracked 
| 186|0x0000000617400000, 0x0000000617400000, 0x0000000617600000|  0%| F|  |TAMS 0x0000000617400000, 0x0000000617400000| Untracked 
| 187|0x0000000617600000, 0x0000000617600000, 0x0000000617800000|  0%| F|  |TAMS 0x0000000617600000, 0x0000000617600000| Untracked 
| 188|0x0000000617800000, 0x0000000617800000, 0x0000000617a00000|  0%| F|  |TAMS 0x0000000617800000, 0x0000000617800000| Untracked 
| 189|0x0000000617a00000, 0x0000000617a00000, 0x0000000617c00000|  0%| F|  |TAMS 0x0000000617a00000, 0x0000000617a00000| Untracked 
| 190|0x0000000617c00000, 0x0000000617c00000, 0x0000000617e00000|  0%| F|  |TAMS 0x0000000617c00000, 0x0000000617c00000| Untracked 
| 191|0x0000000617e00000, 0x0000000617e00000, 0x0000000618000000|  0%| F|  |TAMS 0x0000000617e00000, 0x0000000617e00000| Untracked 
| 192|0x0000000618000000, 0x0000000618000000, 0x0000000618200000|  0%| F|  |TAMS 0x0000000618000000, 0x0000000618000000| Untracked 
| 193|0x0000000618200000, 0x0000000618200000, 0x0000000618400000|  0%| F|  |TAMS 0x0000000618200000, 0x0000000618200000| Untracked 
| 194|0x0000000618400000, 0x0000000618400000, 0x0000000618600000|  0%| F|  |TAMS 0x0000000618400000, 0x0000000618400000| Untracked 
| 195|0x0000000618600000, 0x0000000618600000, 0x0000000618800000|  0%| F|  |TAMS 0x0000000618600000, 0x0000000618600000| Untracked 
| 196|0x0000000618800000, 0x0000000618800000, 0x0000000618a00000|  0%| F|  |TAMS 0x0000000618800000, 0x0000000618800000| Untracked 
| 197|0x0000000618a00000, 0x0000000618a00000, 0x0000000618c00000|  0%| F|  |TAMS 0x0000000618a00000, 0x0000000618a00000| Untracked 
| 198|0x0000000618c00000, 0x0000000618c00000, 0x0000000618e00000|  0%| F|  |TAMS 0x0000000618c00000, 0x0000000618c00000| Untracked 
| 199|0x0000000618e00000, 0x0000000618e00000, 0x0000000619000000|  0%| F|  |TAMS 0x0000000618e00000, 0x0000000618e00000| Untracked 
| 200|0x0000000619000000, 0x0000000619000000, 0x0000000619200000|  0%| F|  |TAMS 0x0000000619000000, 0x0000000619000000| Untracked 
| 201|0x0000000619200000, 0x0000000619200000, 0x0000000619400000|  0%| F|  |TAMS 0x0000000619200000, 0x0000000619200000| Untracked 
| 202|0x0000000619400000, 0x0000000619400000, 0x0000000619600000|  0%| F|  |TAMS 0x0000000619400000, 0x0000000619400000| Untracked 
| 203|0x0000000619600000, 0x0000000619600000, 0x0000000619800000|  0%| F|  |TAMS 0x0000000619600000, 0x0000000619600000| Untracked 
| 204|0x0000000619800000, 0x0000000619800000, 0x0000000619a00000|  0%| F|  |TAMS 0x0000000619800000, 0x0000000619800000| Untracked 
| 205|0x0000000619a00000, 0x0000000619a00000, 0x0000000619c00000|  0%| F|  |TAMS 0x0000000619a00000, 0x0000000619a00000| Untracked 
| 206|0x0000000619c00000, 0x0000000619c00000, 0x0000000619e00000|  0%| F|  |TAMS 0x0000000619c00000, 0x0000000619c00000| Untracked 
| 207|0x0000000619e00000, 0x0000000619e00000, 0x000000061a000000|  0%| F|  |TAMS 0x0000000619e00000, 0x0000000619e00000| Untracked 
| 208|0x000000061a000000, 0x000000061a000000, 0x000000061a200000|  0%| F|  |TAMS 0x000000061a000000, 0x000000061a000000| Untracked 
| 209|0x000000061a200000, 0x000000061a200000, 0x000000061a400000|  0%| F|  |TAMS 0x000000061a200000, 0x000000061a200000| Untracked 
| 210|0x000000061a400000, 0x000000061a400000, 0x000000061a600000|  0%| F|  |TAMS 0x000000061a400000, 0x000000061a400000| Untracked 
| 211|0x000000061a600000, 0x000000061a600000, 0x000000061a800000|  0%| F|  |TAMS 0x000000061a600000, 0x000000061a600000| Untracked 
| 212|0x000000061a800000, 0x000000061a800000, 0x000000061aa00000|  0%| F|  |TAMS 0x000000061a800000, 0x000000061a800000| Untracked 
| 213|0x000000061aa00000, 0x000000061aa00000, 0x000000061ac00000|  0%| F|  |TAMS 0x000000061aa00000, 0x000000061aa00000| Untracked 
| 214|0x000000061ac00000, 0x000000061ac00000, 0x000000061ae00000|  0%| F|  |TAMS 0x000000061ac00000, 0x000000061ac00000| Untracked 
| 215|0x000000061ae00000, 0x000000061ae00000, 0x000000061b000000|  0%| F|  |TAMS 0x000000061ae00000, 0x000000061ae00000| Untracked 
| 216|0x000000061b000000, 0x000000061b000000, 0x000000061b200000|  0%| F|  |TAMS 0x000000061b000000, 0x000000061b000000| Untracked 
| 217|0x000000061b200000, 0x000000061b200000, 0x000000061b400000|  0%| F|  |TAMS 0x000000061b200000, 0x000000061b200000| Untracked 
| 218|0x000000061b400000, 0x000000061b400000, 0x000000061b600000|  0%| F|  |TAMS 0x000000061b400000, 0x000000061b400000| Untracked 
| 219|0x000000061b600000, 0x000000061b600000, 0x000000061b800000|  0%| F|  |TAMS 0x000000061b600000, 0x000000061b600000| Untracked 
| 220|0x000000061b800000, 0x000000061b800000, 0x000000061ba00000|  0%| F|  |TAMS 0x000000061b800000, 0x000000061b800000| Untracked 
| 221|0x000000061ba00000, 0x000000061ba00000, 0x000000061bc00000|  0%| F|  |TAMS 0x000000061ba00000, 0x000000061ba00000| Untracked 
| 222|0x000000061bc00000, 0x000000061bc00000, 0x000000061be00000|  0%| F|  |TAMS 0x000000061bc00000, 0x000000061bc00000| Untracked 
| 223|0x000000061be00000, 0x000000061be00000, 0x000000061c000000|  0%| F|  |TAMS 0x000000061be00000, 0x000000061be00000| Untracked 
| 224|0x000000061c000000, 0x000000061c000000, 0x000000061c200000|  0%| F|  |TAMS 0x000000061c000000, 0x000000061c000000| Untracked 
| 225|0x000000061c200000, 0x000000061c200000, 0x000000061c400000|  0%| F|  |TAMS 0x000000061c200000, 0x000000061c200000| Untracked 
| 226|0x000000061c400000, 0x000000061c400000, 0x000000061c600000|  0%| F|  |TAMS 0x000000061c400000, 0x000000061c400000| Untracked 
| 227|0x000000061c600000, 0x000000061c600000, 0x000000061c800000|  0%| F|  |TAMS 0x000000061c600000, 0x000000061c600000| Untracked 
| 228|0x000000061c800000, 0x000000061c800000, 0x000000061ca00000|  0%| F|  |TAMS 0x000000061c800000, 0x000000061c800000| Untracked 
| 229|0x000000061ca00000, 0x000000061ca00000, 0x000000061cc00000|  0%| F|  |TAMS 0x000000061ca00000, 0x000000061ca00000| Untracked 
| 230|0x000000061cc00000, 0x000000061cc00000, 0x000000061ce00000|  0%| F|  |TAMS 0x000000061cc00000, 0x000000061cc00000| Untracked 
| 231|0x000000061ce00000, 0x000000061ce00000, 0x000000061d000000|  0%| F|  |TAMS 0x000000061ce00000, 0x000000061ce00000| Untracked 
| 232|0x000000061d000000, 0x000000061d000000, 0x000000061d200000|  0%| F|  |TAMS 0x000000061d000000, 0x000000061d000000| Untracked 
| 233|0x000000061d200000, 0x000000061d200000, 0x000000061d400000|  0%| F|  |TAMS 0x000000061d200000, 0x000000061d200000| Untracked 
| 234|0x000000061d400000, 0x000000061d400000, 0x000000061d600000|  0%| F|  |TAMS 0x000000061d400000, 0x000000061d400000| Untracked 
| 235|0x000000061d600000, 0x000000061d600000, 0x000000061d800000|  0%| F|  |TAMS 0x000000061d600000, 0x000000061d600000| Untracked 
| 236|0x000000061d800000, 0x000000061d800000, 0x000000061da00000|  0%| F|  |TAMS 0x000000061d800000, 0x000000061d800000| Untracked 
| 237|0x000000061da00000, 0x000000061da00000, 0x000000061dc00000|  0%| F|  |TAMS 0x000000061da00000, 0x000000061da00000| Untracked 
| 238|0x000000061dc00000, 0x000000061dc00000, 0x000000061de00000|  0%| F|  |TAMS 0x000000061dc00000, 0x000000061dc00000| Untracked 
| 239|0x000000061de00000, 0x000000061de00000, 0x000000061e000000|  0%| F|  |TAMS 0x000000061de00000, 0x000000061de00000| Untracked 
| 240|0x000000061e000000, 0x000000061e000000, 0x000000061e200000|  0%| F|  |TAMS 0x000000061e000000, 0x000000061e000000| Untracked 
| 241|0x000000061e200000, 0x000000061e200000, 0x000000061e400000|  0%| F|  |TAMS 0x000000061e200000, 0x000000061e200000| Untracked 
| 242|0x000000061e400000, 0x000000061e600000, 0x000000061e600000|100%| S|CS|TAMS 0x000000061e400000, 0x000000061e400000| Complete 
| 243|0x000000061e600000, 0x000000061e800000, 0x000000061e800000|100%| S|CS|TAMS 0x000000061e600000, 0x000000061e600000| Complete 
| 244|0x000000061e800000, 0x000000061e800000, 0x000000061ea00000|  0%| F|  |TAMS 0x000000061e800000, 0x000000061e800000| Untracked 
| 245|0x000000061ea00000, 0x000000061ea00000, 0x000000061ec00000|  0%| F|  |TAMS 0x000000061ea00000, 0x000000061ea00000| Untracked 
| 246|0x000000061ec00000, 0x000000061ec00000, 0x000000061ee00000|  0%| F|  |TAMS 0x000000061ec00000, 0x000000061ec00000| Untracked 
| 247|0x000000061ee00000, 0x000000061ee00000, 0x000000061f000000|  0%| F|  |TAMS 0x000000061ee00000, 0x000000061ee00000| Untracked 
| 248|0x000000061f000000, 0x000000061f000000, 0x000000061f200000|  0%| F|  |TAMS 0x000000061f000000, 0x000000061f000000| Untracked 
| 249|0x000000061f200000, 0x000000061f200000, 0x000000061f400000|  0%| F|  |TAMS 0x000000061f200000, 0x000000061f200000| Untracked 
| 250|0x000000061f400000, 0x000000061f400000, 0x000000061f600000|  0%| F|  |TAMS 0x000000061f400000, 0x000000061f400000| Untracked 
| 251|0x000000061f600000, 0x000000061f600000, 0x000000061f800000|  0%| F|  |TAMS 0x000000061f600000, 0x000000061f600000| Untracked 
| 252|0x000000061f800000, 0x000000061f800000, 0x000000061fa00000|  0%| F|  |TAMS 0x000000061f800000, 0x000000061f800000| Untracked 
| 253|0x000000061fa00000, 0x000000061fa00800, 0x000000061fc00000|  0%| E|  |TAMS 0x000000061fa00000, 0x000000061fa00000| Complete 
| 254|0x000000061fc00000, 0x000000061fe00000, 0x000000061fe00000|100%| E|CS|TAMS 0x000000061fc00000, 0x000000061fc00000| Complete 
| 255|0x000000061fe00000, 0x0000000620000000, 0x0000000620000000|100%| E|CS|TAMS 0x000000061fe00000, 0x000000061fe00000| Complete 

Card table byte_map: [0x000000011d2df000,0x000000011e2df000] _byte_map_base: 0x000000011a2df000

Marking Bits (Prev, Next): (CMBitMap*) 0x00007fe9c9008218, (CMBitMap*) 0x00007fe9c9008250
 Prev Bits: [0x000000011f2df000, 0x00000001272df000)
 Next Bits: [0x00000001272df000, 0x000000012f2df000)

Polling page: 0x00000001026a8000

Metaspace:

Usage:
  Non-class:     11.34 MB capacity,    11.20 MB ( 99%) used,   132.70 KB (  1%) free+waste,    15.94 KB ( <1%) overhead. 
      Class:      1.27 MB capacity,     1.20 MB ( 94%) used,    67.36 KB (  5%) free+waste,     6.50 KB ( <1%) overhead. 
       Both:     12.62 MB capacity,    12.40 MB ( 98%) used,   200.06 KB (  2%) free+waste,    22.44 KB ( <1%) overhead. 

Virtual space:
  Non-class space:       12.00 MB reserved,      11.50 MB ( 96%) committed 
      Class space:        1.00 GB reserved,       1.38 MB ( <1%) committed 
             Both:        1.01 GB reserved,      12.88 MB (  1%) committed 

Chunk freelists:
   Non-Class:  14.50 KB
       Class:  1.25 KB
        Both:  15.75 KB

CodeHeap 'non-profiled nmethods': size=120032Kb used=306Kb max_used=306Kb free=119726Kb
 bounds [0x0000000114da7000, 0x0000000115017000, 0x000000011c2df000]
CodeHeap 'profiled nmethods': size=120028Kb used=2033Kb max_used=2033Kb free=117994Kb
 bounds [0x000000010d870000, 0x000000010dae0000, 0x0000000114da7000]
CodeHeap 'non-nmethods': size=5700Kb used=1157Kb max_used=1168Kb free=4542Kb
 bounds [0x000000010d2df000, 0x000000010d54f000, 0x000000010d870000]
 total_blobs=1599 nmethods=966 adapters=325
 compilation: enabled
              stopped_count=0, restarted_count=0
 full_count=0

Compilation events (10 events):
Event: 1.612 Thread 0x00007fe9c903d000  962       3       java.lang.String::<init> (55 bytes)
Event: 1.613 Thread 0x00007fe9c903d000 nmethod 962 0x000000010da67f90 code [0x000000010da68180, 0x000000010da68568]
Event: 1.613 Thread 0x00007fe9c903d000  963   !   3       java.lang.StringCoding::decode (165 bytes)
Event: 1.615 Thread 0x00007fe9c903d000 nmethod 963 0x000000010da68710 code [0x000000010da68ac0, 0x000000010da6a188]
Event: 1.615 Thread 0x00007fe9c903d000  964       3       java.lang.StringCoding::deref (19 bytes)
Event: 1.615 Thread 0x00007fe9c903d000 nmethod 964 0x000000010da6ab90 code [0x000000010da6ad60, 0x000000010da6b198]
Event: 1.615 Thread 0x00007fe9c903d000  965   !   3       java.lang.StringCoding::lookupCharset (24 bytes)
Event: 1.615 Thread 0x00007fe9c903d000 nmethod 965 0x000000010da6b310 code [0x000000010da6b540, 0x000000010da6ba18]
Event: 1.615 Thread 0x00007fe9c903d000  966       3       java.lang.String::<init> (127 bytes)
Event: 1.616 Thread 0x00007fe9c903d000 nmethod 966 0x000000010da6bc90 code [0x000000010da6bea0, 0x000000010da6c448]

GC Heap History (2 events):
Event: 1.423 GC heap before
{Heap before GC invocations=0 (full 0):
 garbage-first heap   total 524288K, used 24576K [0x0000000600000000, 0x0000000800000000)
  region size 2048K, 12 young (24576K), 0 survivors (0K)
 Metaspace       used 11317K, capacity 11519K, committed 12032K, reserved 1060864K
  class space    used 1084K, capacity 1155K, committed 1280K, reserved 1048576K
}
Event: 1.427 GC heap after
{Heap after GC invocations=1 (full 0):
 garbage-first heap   total 524288K, used 6312K [0x0000000600000000, 0x0000000800000000)
  region size 2048K, 2 young (4096K), 2 survivors (4096K)
 Metaspace       used 11317K, capacity 11519K, committed 12032K, reserved 1060864K
  class space    used 1084K, capacity 1155K, committed 1280K, reserved 1048576K
}

Deoptimization events (6 events):
Event: 0.788 Thread 0x00007fe9c9811000 Uncommon trap: reason=unstable_if action=reinterpret pc=0x0000000114da8ef4 method=java.lang.String.isLatin1()Z @ 10 c2
Event: 0.821 Thread 0x00007fe9c9811000 Uncommon trap: reason=unstable_if action=reinterpret pc=0x0000000114db5b48 method=java.util.HashMap.putVal(ILjava/lang/Object;Ljava/lang/Object;ZZ)Ljava/lang/Object; @ 181 c2
Event: 1.489 Thread 0x00007fe9c9811000 Uncommon trap: reason=bimorphic_or_optimized_type_check action=maybe_recompile pc=0x0000000114dd5b1c method=java.util.HashMap.getNode(ILjava/lang/Object;)Ljava/util/HashMap$Node; @ 126 c2
Event: 1.489 Thread 0x00007fe9c9811000 Uncommon trap: reason=bimorphic_or_optimized_type_check action=maybe_recompile pc=0x0000000114dd5b1c method=java.util.HashMap.getNode(ILjava/lang/Object;)Ljava/util/HashMap$Node; @ 126 c2
Event: 1.489 Thread 0x00007fe9c9811000 Uncommon trap: reason=bimorphic_or_optimized_type_check action=maybe_recompile pc=0x0000000114dd5b1c method=java.util.HashMap.getNode(ILjava/lang/Object;)Ljava/util/HashMap$Node; @ 126 c2
Event: 1.489 Thread 0x00007fe9c9811000 Uncommon trap: reason=bimorphic_or_optimized_type_check action=maybe_recompile pc=0x0000000114dd5b1c method=java.util.HashMap.getNode(ILjava/lang/Object;)Ljava/util/HashMap$Node; @ 126 c2

Classes redefined (0 events):
No events

Internal exceptions (10 events):
Event: 0.644 Thread 0x00007fe9c9811000 Exception <a 'java/security/PrivilegedActionException'{0x000000061f868a18}> (0x000000061f868a18) thrown at [/scratch/mesos/slaves/07fc96ef-bf4d-487f-b22f-a84e49f5f44a-S15534/frameworks/1735e8a2-a1db-478c-8104-60c8b0af87dd-0196/executors/2de9a231-452d-4727
Event: 0.644 Thread 0x00007fe9c9811000 Exception <a 'java/security/PrivilegedActionException'{0x000000061f869570}> (0x000000061f869570) thrown at [/scratch/mesos/slaves/07fc96ef-bf4d-487f-b22f-a84e49f5f44a-S15534/frameworks/1735e8a2-a1db-478c-8104-60c8b0af87dd-0196/executors/2de9a231-452d-4727
Event: 0.644 Thread 0x00007fe9c9811000 Exception <a 'java/security/PrivilegedActionException'{0x000000061f869840}> (0x000000061f869840) thrown at [/scratch/mesos/slaves/07fc96ef-bf4d-487f-b22f-a84e49f5f44a-S15534/frameworks/1735e8a2-a1db-478c-8104-60c8b0af87dd-0196/executors/2de9a231-452d-4727
Event: 0.644 Thread 0x00007fe9c9811000 Exception <a 'java/security/PrivilegedActionException'{0x000000061f86a390}> (0x000000061f86a390) thrown at [/scratch/mesos/slaves/07fc96ef-bf4d-487f-b22f-a84e49f5f44a-S15534/frameworks/1735e8a2-a1db-478c-8104-60c8b0af87dd-0196/executors/2de9a231-452d-4727
Event: 0.644 Thread 0x00007fe9c9811000 Exception <a 'java/security/PrivilegedActionException'{0x000000061f86a660}> (0x000000061f86a660) thrown at [/scratch/mesos/slaves/07fc96ef-bf4d-487f-b22f-a84e49f5f44a-S15534/frameworks/1735e8a2-a1db-478c-8104-60c8b0af87dd-0196/executors/2de9a231-452d-4727
Event: 0.706 Thread 0x00007fe9c9811000 Exception <a 'java/io/FileNotFoundException'{0x000000061f6faac0}> (0x000000061f6faac0) thrown at [/scratch/mesos/slaves/07fc96ef-bf4d-487f-b22f-a84e49f5f44a-S15534/frameworks/1735e8a2-a1db-478c-8104-60c8b0af87dd-0196/executors/2de9a231-452d-4727-8e0d-602c
Event: 0.753 Thread 0x00007fe9c9811000 Exception <a 'java/lang/NoSuchMethodError'{0x000000061f7ffaf0}: java.lang.invoke.DirectMethodHandle$Holder.invokeSpecialIFC(Ljava/lang/Object;Ljava/lang/Object;I)I> (0x000000061f7ffaf0) thrown at [/scratch/mesos/slaves/07fc96ef-bf4d-487f-b22f-a84e49f5f44a
Event: 1.228 Thread 0x00007fe9c9811000 Exception <a 'java/lang/ClassNotFoundException'{0x000000061eaa0d78}: javax/smartcardio/CardPermission> (0x000000061eaa0d78) thrown at [/scratch/mesos/slaves/07fc96ef-bf4d-487f-b22f-a84e49f5f44a-S15534/frameworks/1735e8a2-a1db-478c-8104-60c8b0af87dd-0196/e
Event: 1.237 Thread 0x00007fe9c9811000 Exception <a 'java/io/FileNotFoundException'{0x000000061eaaf420}> (0x000000061eaaf420) thrown at [/scratch/mesos/slaves/07fc96ef-bf4d-487f-b22f-a84e49f5f44a-S15534/frameworks/1735e8a2-a1db-478c-8104-60c8b0af87dd-0196/executors/2de9a231-452d-4727-8e0d-602c
Event: 1.452 Thread 0x00007fe9c9811000 Exception <a 'java/lang/NoSuchMethodError'{0x000000061fe435a0}: java.lang.invoke.DirectMethodHandle$Holder.invokeStaticInit(Ljava/lang/Object;Ljava/lang/Object;Ljava/lang/Object;)Ljava/lang/Object;> (0x000000061fe435a0) thrown at [/scratch/mesos/slaves/07

Events (10 events):
Event: 1.876 Executing VM operation: GetOrSetLocal
Event: 1.876 Executing VM operation: GetOrSetLocal done
Event: 8.154 Executing VM operation: GetFrameCount
Event: 8.154 Executing VM operation: GetFrameCount done
Event: 8.154 Executing VM operation: GetFrameCount
Event: 8.154 Executing VM operation: GetFrameCount done
Event: 8.154 Executing VM operation: GetStackTrace
Event: 8.154 Executing VM operation: GetStackTrace done
Event: 12.941 Executing VM operation: ChangeBreakpoints
Event: 12.941 Executing VM operation: ChangeBreakpoints done


Dynamic libraries:
0x00007fff2e847000 	/System/Library/Frameworks/Cocoa.framework/Versions/A/Cocoa
0x00007fff3c02f000 	/System/Library/Frameworks/Security.framework/Versions/A/Security
0x00007fff2d7ae000 	/System/Library/Frameworks/ApplicationServices.framework/Versions/A/ApplicationServices
0x00007fff68c87000 	/usr/lib/libz.1.dylib
0x00007fff6674b000 	/usr/lib/libSystem.B.dylib
0x00007fff2f6e7000 	/System/Library/Frameworks/CoreFoundation.framework/Versions/A/CoreFoundation
0x00007fff31da1000 	/System/Library/Frameworks/Foundation.framework/Versions/C/Foundation
0x00007fff685ab000 	/usr/lib/libobjc.A.dylib
0x00007fff2c99e000 	/System/Library/Frameworks/AppKit.framework/Versions/C/AppKit
0x00007fff2f1cb000 	/System/Library/Frameworks/CoreData.framework/Versions/A/CoreData
0x00007fff60766000 	/System/Library/PrivateFrameworks/UIFoundation.framework/Versions/A/UIFoundation
0x00007fff5b80a000 	/System/Library/PrivateFrameworks/RemoteViewServices.framework/Versions/A/RemoteViewServices
0x00007fff632bb000 	/System/Library/PrivateFrameworks/XCTTargetBootstrap.framework/Versions/A/XCTTargetBootstrap
0x00007fff2f5b6000 	/System/Library/Frameworks/CoreDisplay.framework/Versions/A/CoreDisplay
0x00007fff34c5c000 	/System/Library/Frameworks/Metal.framework/Versions/A/Metal
0x00007fff49816000 	/System/Library/PrivateFrameworks/DesktopServicesPriv.framework/Versions/A/DesktopServicesPriv
0x00007fff67886000 	/usr/lib/liblangid.dylib
0x00007fff48aae000 	/System/Library/PrivateFrameworks/CoreSVG.framework/Versions/A/CoreSVG
0x00007fff5e963000 	/System/Library/PrivateFrameworks/SkyLight.framework/Versions/A/SkyLight
0x00007fff2fb68000 	/System/Library/Frameworks/CoreGraphics.framework/Versions/A/CoreGraphics
0x00007fff2b372000 	/System/Library/Frameworks/Accelerate.framework/Versions/A/Accelerate
0x00007fff68b78000 	/usr/lib/libxml2.2.dylib
0x00007fff547a3000 	/System/Library/PrivateFrameworks/IconServices.framework/Versions/A/IconServices
0x00007fff32580000 	/System/Library/Frameworks/IOSurface.framework/Versions/A/IOSurface
0x00007fff66275000 	/usr/lib/libDiagnosticMessagesClient.dylib
0x00007fff49670000 	/System/Library/PrivateFrameworks/DFRFoundation.framework/Versions/A/DFRFoundation
0x00007fff67615000 	/usr/lib/libicucore.A.dylib
0x00007fff2dae0000 	/System/Library/Frameworks/AudioToolbox.framework/Versions/A/AudioToolbox
0x00007fff2dbc3000 	/System/Library/Frameworks/AudioUnit.framework/Versions/A/AudioUnit
0x00007fff6694d000 	/usr/lib/libauto.dylib
0x00007fff49712000 	/System/Library/PrivateFrameworks/DataDetectorsCore.framework/Versions/A/DataDetectorsCore
0x00007fff2e368000 	/System/Library/Frameworks/Carbon.framework/Versions/A/Frameworks/HIToolbox.framework/Versions/A/HIToolbox
0x00007fff3b22c000 	/System/Library/Frameworks/QuartzCore.framework/Versions/A/QuartzCore
0x00007fff2e6a7000 	/System/Library/Frameworks/Carbon.framework/Versions/A/Frameworks/SpeechRecognition.framework/Versions/A/SpeechRecognition
0x00007fff49187000 	/System/Library/PrivateFrameworks/CoreUI.framework/Versions/A/CoreUI
0x00007fff2ec36000 	/System/Library/Frameworks/CoreAudio.framework/Versions/A/CoreAudio
0x00007fff31a62000 	/System/Library/Frameworks/DiskArbitration.framework/Versions/A/DiskArbitration
0x00007fff567f1000 	/System/Library/PrivateFrameworks/MultitouchSupport.framework/Versions/A/MultitouchSupport
0x00007fff674dc000 	/usr/lib/libenergytrace.dylib
0x00007fff324da000 	/System/Library/Frameworks/IOKit.framework/Versions/A/IOKit
0x00007fff30ace000 	/System/Library/Frameworks/CoreServices.framework/Versions/A/CoreServices
0x00007fff589a0000 	/System/Library/PrivateFrameworks/PerformanceAnalysis.framework/Versions/A/PerformanceAnalysis
0x00007fff3a25f000 	/System/Library/Frameworks/OpenGL.framework/Versions/A/OpenGL
0x00007fff2e855000 	/System/Library/Frameworks/ColorSync.framework/Versions/A/ColorSync
0x00007fff301ea000 	/System/Library/Frameworks/CoreImage.framework/Versions/A/CoreImage
0x00007fff31541000 	/System/Library/Frameworks/CoreText.framework/Versions/A/CoreText
0x00007fff32610000 	/System/Library/Frameworks/ImageIO.framework/Versions/A/ImageIO
0x00007fff66a31000 	/usr/lib/libc++.1.dylib
0x00007fff66aad000 	/usr/lib/libcompression.dylib
0x00007fff665b9000 	/usr/lib/libMobileGestalt.dylib
0x00007fff604db000 	/System/Library/PrivateFrameworks/TextureIO.framework/Versions/A/TextureIO
0x00007fff668b0000 	/usr/lib/libate.dylib
0x00007fff549ac000 	/System/Library/PrivateFrameworks/InternationalSupport.framework/Versions/A/InternationalSupport
0x00007fff69547000 	/usr/lib/system/libcache.dylib
0x00007fff6954d000 	/usr/lib/system/libcommonCrypto.dylib
0x00007fff69559000 	/usr/lib/system/libcompiler_rt.dylib
0x00007fff69561000 	/usr/lib/system/libcopyfile.dylib
0x00007fff6956b000 	/usr/lib/system/libcorecrypto.dylib
0x00007fff6970a000 	/usr/lib/system/libdispatch.dylib
0x00007fff6974b000 	/usr/lib/system/libdyld.dylib
0x00007fff69782000 	/usr/lib/system/libkeymgr.dylib
0x00007fff69790000 	/usr/lib/system/liblaunch.dylib
0x00007fff69791000 	/usr/lib/system/libmacho.dylib
0x00007fff69797000 	/usr/lib/system/libquarantine.dylib
0x00007fff6979a000 	/usr/lib/system/libremovefile.dylib
0x00007fff6979c000 	/usr/lib/system/libsystem_asl.dylib
0x00007fff697b4000 	/usr/lib/system/libsystem_blocks.dylib
0x00007fff697b5000 	/usr/lib/system/libsystem_c.dylib
0x00007fff6983d000 	/usr/lib/system/libsystem_configuration.dylib
0x00007fff69841000 	/usr/lib/system/libsystem_coreservices.dylib
0x00007fff69845000 	/usr/lib/system/libsystem_darwin.dylib
0x00007fff6984e000 	/usr/lib/system/libsystem_dnssd.dylib
0x00007fff69856000 	/usr/lib/system/libsystem_featureflags.dylib
0x00007fff69858000 	/usr/lib/system/libsystem_info.dylib
0x00007fff698d3000 	/usr/lib/system/libsystem_m.dylib
0x00007fff6991b000 	/usr/lib/system/libsystem_malloc.dylib
0x00007fff69943000 	/usr/lib/system/libsystem_networkextension.dylib
0x00007fff69951000 	/usr/lib/system/libsystem_notify.dylib
0x00007fff6996f000 	/usr/lib/system/libsystem_sandbox.dylib
0x00007fff69974000 	/usr/lib/system/libsystem_secinit.dylib
0x00007fff698a6000 	/usr/lib/system/libsystem_kernel.dylib
0x00007fff6995b000 	/usr/lib/system/libsystem_platform.dylib
0x00007fff69964000 	/usr/lib/system/libsystem_pthread.dylib
0x00007fff69977000 	/usr/lib/system/libsystem_symptoms.dylib
0x00007fff6997f000 	/usr/lib/system/libsystem_trace.dylib
0x00007fff69997000 	/usr/lib/system/libunwind.dylib
0x00007fff6999d000 	/usr/lib/system/libxpc.dylib
0x00007fff66a84000 	/usr/lib/libc++abi.dylib
0x00007fff67888000 	/usr/lib/liblzma.5.dylib
0x00007fff67503000 	/usr/lib/libfakelink.dylib
0x00007fff6683d000 	/usr/lib/libarchive.2.dylib
0x00007fff3d0e0000 	/System/Library/Frameworks/SystemConfiguration.framework/Versions/A/SystemConfiguration
0x00007fff661a8000 	/usr/lib/libCRFSuite.dylib
0x00007fff2df59000 	/System/Library/Frameworks/CFNetwork.framework/Versions/A/CFNetwork
0x00007fff66a13000 	/usr/lib/libbsm.0.dylib
0x00007fff69783000 	/usr/lib/system/libkxld.dylib
0x00007fff42ffc000 	/System/Library/PrivateFrameworks/AppleFSCompression.framework/Versions/A/AppleFSCompression
0x00007fff66d9e000 	/usr/lib/libcoretls.dylib
0x00007fff66db5000 	/usr/lib/libcoretls_cfhelpers.dylib
0x00007fff685f1000 	/usr/lib/libpam.2.dylib
0x00007fff68726000 	/usr/lib/libsqlite3.dylib
0x00007fff68b65000 	/usr/lib/libxar.1.dylib
0x00007fff66a24000 	/usr/lib/libbz2.1.0.dylib
0x00007fff67524000 	/usr/lib/libiconv.2.dylib
0x00007fff66a9a000 	/usr/lib/libcharset.1.dylib
0x00007fff6808e000 	/usr/lib/libnetwork.dylib
0x00007fff685f8000 	/usr/lib/libpcap.A.dylib
0x00007fff667f2000 	/usr/lib/libapple_nghttp2.dylib
0x00007fff30e85000 	/System/Library/Frameworks/CoreServices.framework/Versions/A/Frameworks/FSEvents.framework/Versions/A/FSEvents
0x00007fff30b55000 	/System/Library/Frameworks/CoreServices.framework/Versions/A/Frameworks/CarbonCore.framework/Versions/A/CarbonCore
0x00007fff310c9000 	/System/Library/Frameworks/CoreServices.framework/Versions/A/Frameworks/Metadata.framework/Versions/A/Metadata
0x00007fff31162000 	/System/Library/Frameworks/CoreServices.framework/Versions/A/Frameworks/OSServices.framework/Versions/A/OSServices
0x00007fff31190000 	/System/Library/Frameworks/CoreServices.framework/Versions/A/Frameworks/SearchKit.framework/Versions/A/SearchKit
0x00007fff30acf000 	/System/Library/Frameworks/CoreServices.framework/Versions/A/Frameworks/AE.framework/Versions/A/AE
0x00007fff30e8e000 	/System/Library/Frameworks/CoreServices.framework/Versions/A/Frameworks/LaunchServices.framework/Versions/A/LaunchServices
0x00007fff30e37000 	/System/Library/Frameworks/CoreServices.framework/Versions/A/Frameworks/DictionaryServices.framework/Versions/A/DictionaryServices
0x00007fff311f8000 	/System/Library/Frameworks/CoreServices.framework/Versions/A/Frameworks/SharedFileList.framework/Versions/A/SharedFileList
0x00007fff3607f000 	/System/Library/Frameworks/NetFS.framework/Versions/A/NetFS
0x00007fff56d21000 	/System/Library/PrivateFrameworks/NetAuth.framework/Versions/A/NetAuth
0x00007fff63688000 	/System/Library/PrivateFrameworks/login.framework/Versions/A/Frameworks/loginsupport.framework/Versions/A/loginsupport
0x00007fff5ffa6000 	/System/Library/PrivateFrameworks/TCC.framework/Versions/A/TCC
0x00007fff47c21000 	/System/Library/PrivateFrameworks/CoreNLP.framework/Versions/A/CoreNLP
0x00007fff5621e000 	/System/Library/PrivateFrameworks/MetadataUtilities.framework/Versions/A/MetadataUtilities
0x00007fff67960000 	/usr/lib/libmecabra.dylib
0x00007fff678b8000 	/usr/lib/libmecab.dylib
0x00007fff67514000 	/usr/lib/libgermantok.dylib
0x00007fff667d9000 	/usr/lib/libThaiTokenizer.dylib
0x00007fff661df000 	/usr/lib/libChineseTokenizer.dylib
0x00007fff2b38a000 	/System/Library/Frameworks/Accelerate.framework/Versions/A/Frameworks/vImage.framework/Versions/A/vImage
0x00007fff2c7f4000 	/System/Library/Frameworks/Accelerate.framework/Versions/A/Frameworks/vecLib.framework/Versions/A/vecLib
0x00007fff2c731000 	/System/Library/Frameworks/Accelerate.framework/Versions/A/Frameworks/vecLib.framework/Versions/A/libvMisc.dylib
0x00007fff2c559000 	/System/Library/Frameworks/Accelerate.framework/Versions/A/Frameworks/vecLib.framework/Versions/A/libvDSP.dylib
0x00007fff2b9e1000 	/System/Library/Frameworks/Accelerate.framework/Versions/A/Frameworks/vecLib.framework/Versions/A/libBLAS.dylib
0x00007fff2c11d000 	/System/Library/Frameworks/Accelerate.framework/Versions/A/Frameworks/vecLib.framework/Versions/A/libLAPACK.dylib
0x00007fff2c4b9000 	/System/Library/Frameworks/Accelerate.framework/Versions/A/Frameworks/vecLib.framework/Versions/A/libLinearAlgebra.dylib
0x00007fff2c546000 	/System/Library/Frameworks/Accelerate.framework/Versions/A/Frameworks/vecLib.framework/Versions/A/libSparseBLAS.dylib
0x00007fff2c4cf000 	/System/Library/Frameworks/Accelerate.framework/Versions/A/Frameworks/vecLib.framework/Versions/A/libQuadrature.dylib
0x00007fff2bc49000 	/System/Library/Frameworks/Accelerate.framework/Versions/A/Frameworks/vecLib.framework/Versions/A/libBNNS.dylib
0x00007fff2c4d5000 	/System/Library/Frameworks/Accelerate.framework/Versions/A/Frameworks/vecLib.framework/Versions/A/libSparse.dylib
0x00007fff54d94000 	/System/Library/PrivateFrameworks/LanguageModeling.framework/Versions/A/LanguageModeling
0x00007fff475d1000 	/System/Library/PrivateFrameworks/CoreEmoji.framework/Versions/A/CoreEmoji
0x00007fff54eb2000 	/System/Library/PrivateFrameworks/LinguisticData.framework/Versions/A/LinguisticData
0x00007fff54e63000 	/System/Library/PrivateFrameworks/Lexicon.framework/Versions/A/Lexicon
0x00007fff66a9b000 	/usr/lib/libcmph.dylib
0x00007fff38c6d000 	/System/Library/Frameworks/OpenDirectory.framework/Versions/A/Frameworks/CFOpenDirectory.framework/Versions/A/CFOpenDirectory
0x00007fff38c8a000 	/System/Library/Frameworks/OpenDirectory.framework/Versions/A/OpenDirectory
0x00007fff410af000 	/System/Library/PrivateFrameworks/APFS.framework/Versions/A/APFS
0x00007fff3c379000 	/System/Library/Frameworks/SecurityFoundation.framework/Versions/A/SecurityFoundation
0x00007fff68b61000 	/usr/lib/libutil.dylib
0x00007fff48b06000 	/System/Library/PrivateFrameworks/CoreServicesStore.framework/Versions/A/CoreServicesStore
0x00007fff3c430000 	/System/Library/Frameworks/ServiceManagement.framework/Versions/A/ServiceManagement
0x00007fff447cb000 	/System/Library/PrivateFrameworks/BackgroundTaskManagement.framework/Versions/A/BackgroundTaskManagement
0x00007fff68c5e000 	/usr/lib/libxslt.1.dylib
0x00007fff4366f000 	/System/Library/PrivateFrameworks/AppleSystemInfo.framework/Versions/A/AppleSystemInfo
0x00007fff3282b000 	/System/Library/Frameworks/ImageIO.framework/Versions/A/Resources/libJPEG.dylib
0x00007fff32ae7000 	/System/Library/Frameworks/ImageIO.framework/Versions/A/Resources/libTIFF.dylib
0x00007fff32aca000 	/System/Library/Frameworks/ImageIO.framework/Versions/A/Resources/libPng.dylib
0x00007fff3276d000 	/System/Library/Frameworks/ImageIO.framework/Versions/A/Resources/libGIF.dylib
0x00007fff32771000 	/System/Library/Frameworks/ImageIO.framework/Versions/A/Resources/libJP2.dylib
0x00007fff32ae5000 	/System/Library/Frameworks/ImageIO.framework/Versions/A/Resources/libRadiance.dylib
0x00007fff674dd000 	/usr/lib/libexpat.1.dylib
0x00007fff43157000 	/System/Library/PrivateFrameworks/AppleJPEG.framework/Versions/A/AppleJPEG
0x00007fff4be05000 	/System/Library/PrivateFrameworks/FontServices.framework/libFontParser.dylib
0x00007fff6268d000 	/System/Library/PrivateFrameworks/WatchdogClient.framework/Versions/A/WatchdogClient
0x00007fff543ef000 	/System/Library/PrivateFrameworks/IOAccelerator.framework/Versions/A/IOAccelerator
0x00007fff34ff7000 	/System/Library/Frameworks/MetalPerformanceShaders.framework/Versions/A/MetalPerformanceShaders
0x00007fff50b86000 	/System/Library/PrivateFrameworks/GPUWrangler.framework/Versions/A/GPUWrangler
0x00007fff54404000 	/System/Library/PrivateFrameworks/IOPresentment.framework/Versions/A/IOPresentment
0x00007fff49683000 	/System/Library/PrivateFrameworks/DSExternalDisplay.framework/Versions/A/DSExternalDisplay
0x00007fff395fe000 	/System/Library/Frameworks/OpenGL.framework/Versions/A/Libraries/libCoreFSCache.dylib
0x00007fff34d43000 	/System/Library/Frameworks/MetalPerformanceShaders.framework/Frameworks/MPSCore.framework/Versions/A/MPSCore
0x00007fff34d81000 	/System/Library/Frameworks/MetalPerformanceShaders.framework/Frameworks/MPSImage.framework/Versions/A/MPSImage
0x00007fff34e48000 	/System/Library/Frameworks/MetalPerformanceShaders.framework/Frameworks/MPSNeuralNetwork.framework/Versions/A/MPSNeuralNetwork
0x00007fff34e0c000 	/System/Library/Frameworks/MetalPerformanceShaders.framework/Frameworks/MPSMatrix.framework/Versions/A/MPSMatrix
0x00007fff34fa7000 	/System/Library/Frameworks/MetalPerformanceShaders.framework/Frameworks/MPSRayIntersector.framework/Versions/A/MPSRayIntersector
0x00007fff34e32000 	/System/Library/Frameworks/MetalPerformanceShaders.framework/Frameworks/MPSNDArray.framework/Versions/A/MPSNDArray
0x00007fff5626b000 	/System/Library/PrivateFrameworks/MetalTools.framework/Versions/A/MetalTools
0x00007fff42284000 	/System/Library/PrivateFrameworks/AggregateDictionary.framework/Versions/A/AggregateDictionary
0x00007fff4701b000 	/System/Library/PrivateFrameworks/CoreAnalytics.framework/Versions/A/CoreAnalytics
0x00007fff4358e000 	/System/Library/PrivateFrameworks/AppleSauce.framework/Versions/A/AppleSauce
0x00007fff6649b000 	/usr/lib/libIOReport.dylib
0x00007fff316f9000 	/System/Library/Frameworks/CoreVideo.framework/Versions/A/CoreVideo
0x00007fff52000000 	/System/Library/PrivateFrameworks/GraphVisualizer.framework/Versions/A/GraphVisualizer
0x00007fff4b34c000 	/System/Library/PrivateFrameworks/FaceCore.framework/Versions/A/FaceCore
0x00007fff38c14000 	/System/Library/Frameworks/OpenCL.framework/Versions/A/OpenCL
0x00007fff662bd000 	/usr/lib/libFosl_dynamic.dylib
0x00007fff57741000 	/System/Library/PrivateFrameworks/OTSVG.framework/Versions/A/OTSVG
0x00007fff2d8b3000 	/System/Library/Frameworks/ApplicationServices.framework/Versions/A/Frameworks/ATS.framework/Versions/A/Resources/libFontRegistry.dylib
0x00007fff4bfd7000 	/System/Library/PrivateFrameworks/FontServices.framework/libhvf.dylib
0x00007fff39609000 	/System/Library/Frameworks/OpenGL.framework/Versions/A/Libraries/libGFXShared.dylib
0x00007fff397e7000 	/System/Library/Frameworks/OpenGL.framework/Versions/A/Libraries/libGLU.dylib
0x00007fff39612000 	/System/Library/Frameworks/OpenGL.framework/Versions/A/Libraries/libGL.dylib
0x00007fff3961d000 	/System/Library/Frameworks/OpenGL.framework/Versions/A/Libraries/libGLImage.dylib
0x00007fff395fb000 	/System/Library/Frameworks/OpenGL.framework/Versions/A/Libraries/libCVMSPluginSupport.dylib
0x00007fff39604000 	/System/Library/Frameworks/OpenGL.framework/Versions/A/Libraries/libCoreVMClient.dylib
0x00007fff67f2f000 	/usr/lib/libncurses.5.4.dylib
0x00007fff2d7af000 	/System/Library/Frameworks/ApplicationServices.framework/Versions/A/Frameworks/ATS.framework/Versions/A/ATS
0x00007fff2d97c000 	/System/Library/Frameworks/ApplicationServices.framework/Versions/A/Frameworks/ColorSyncLegacy.framework/Versions/A/ColorSyncLegacy
0x00007fff2da1a000 	/System/Library/Frameworks/ApplicationServices.framework/Versions/A/Frameworks/HIServices.framework/Versions/A/HIServices
0x00007fff2da72000 	/System/Library/Frameworks/ApplicationServices.framework/Versions/A/Frameworks/LangAnalysis.framework/Versions/A/LangAnalysis
0x00007fff2da81000 	/System/Library/Frameworks/ApplicationServices.framework/Versions/A/Frameworks/PrintCore.framework/Versions/A/PrintCore
0x00007fff2dac7000 	/System/Library/Frameworks/ApplicationServices.framework/Versions/A/Frameworks/QD.framework/Versions/A/QD
0x00007fff2dad2000 	/System/Library/Frameworks/ApplicationServices.framework/Versions/A/Frameworks/SpeechSynthesis.framework/Versions/A/SpeechSynthesis
0x00007fff2d94c000 	/System/Library/Frameworks/ApplicationServices.framework/Versions/A/Frameworks/ATSUI.framework/Versions/A/ATSUI
0x00007fff67373000 	/usr/lib/libcups.2.dylib
0x00007fff34092000 	/System/Library/Frameworks/Kerberos.framework/Versions/A/Kerberos
0x00007fff321d3000 	/System/Library/Frameworks/GSS.framework/Versions/A/GSS
0x00007fff686b2000 	/usr/lib/libresolv.9.dylib
0x00007fff521ad000 	/System/Library/PrivateFrameworks/Heimdal.framework/Versions/A/Heimdal
0x00007fff340a5000 	/System/Library/Frameworks/Kerberos.framework/Versions/A/Libraries/libHeimdalProxy.dylib
0x00007fff6751a000 	/usr/lib/libheimdal-asn1.dylib
0x00007fff464b6000 	/System/Library/PrivateFrameworks/CommonAuth.framework/Versions/A/CommonAuth
0x00007fff4370c000 	/System/Library/PrivateFrameworks/AssertionServices.framework/Versions/A/AssertionServices
0x00007fff442ae000 	/System/Library/PrivateFrameworks/AudioToolboxCore.framework/Versions/A/AudioToolboxCore
0x00007fff63338000 	/System/Library/PrivateFrameworks/caulk.framework/Versions/A/caulk
0x00007fff44877000 	/System/Library/PrivateFrameworks/BaseBoard.framework/Versions/A/BaseBoard
0x00007fff5b998000 	/System/Library/PrivateFrameworks/RunningBoardServices.framework/Versions/A/RunningBoardServices
0x00007fff589ac000 	/System/Library/PrivateFrameworks/PersistentConnection.framework/Versions/A/PersistentConnection
0x00007fff5b392000 	/System/Library/PrivateFrameworks/ProtocolBuffer.framework/Versions/A/ProtocolBuffer
0x00007fff464da000 	/System/Library/PrivateFrameworks/CommonUtilities.framework/Versions/A/CommonUtilities
0x00007fff44a05000 	/System/Library/PrivateFrameworks/Bom.framework/Versions/A/Bom
0x00007fff6616e000 	/usr/lib/libAudioToolboxUtility.dylib
0x00007fff447d5000 	/System/Library/PrivateFrameworks/Backup.framework/Versions/A/Backup
0x00007fff495a4000 	/System/Library/PrivateFrameworks/CrashReporterSupport.framework/Versions/A/CrashReporterSupport
0x00007fff5d429000 	/System/Library/PrivateFrameworks/Sharing.framework/Versions/A/Sharing
0x00007fff42d1a000 	/System/Library/PrivateFrameworks/Apple80211.framework/Versions/A/Apple80211
0x00007fff444f2000 	/System/Library/PrivateFrameworks/AuthKit.framework/Versions/A/AuthKit
0x00007fff492b4000 	/System/Library/PrivateFrameworks/CoreUtils.framework/Versions/A/CoreUtils
0x00007fff3173e000 	/System/Library/Frameworks/CoreWLAN.framework/Versions/A/CoreWLAN
0x00007fff32360000 	/System/Library/Frameworks/IOBluetooth.framework/Versions/A/IOBluetooth
0x00007fff56570000 	/System/Library/PrivateFrameworks/MobileKeyBag.framework/Versions/A/MobileKeyBag
0x00007fff480b9000 	/System/Library/PrivateFrameworks/CorePhoneNumbers.framework/Versions/A/CorePhoneNumbers
0x00007fff4310a000 	/System/Library/PrivateFrameworks/AppleIDAuthSupport.framework/Versions/A/AppleIDAuthSupport
0x00007fff3608c000 	/System/Library/Frameworks/Network.framework/Versions/A/Network
0x00007fff54c40000 	/System/Library/PrivateFrameworks/KeychainCircle.framework/Versions/A/KeychainCircle
0x00007fff2f192000 	/System/Library/Frameworks/CoreBluetooth.framework/Versions/A/CoreBluetooth
0x00007fff5f4a6000 	/System/Library/PrivateFrameworks/SpeechRecognitionCore.framework/Versions/A/SpeechRecognitionCore
0x0000000103800000 	/Users/liaochuntao/.sdkman/candidates/java/11.0.2-open/lib/server/libjvm.dylib
0x000000010266e000 	/Users/liaochuntao/.sdkman/candidates/java/11.0.2-open/lib/libverify.dylib
0x000000010267a000 	/Users/liaochuntao/.sdkman/candidates/java/11.0.2-open/lib/libjava.dylib
0x00000001026aa000 	/Users/liaochuntao/.sdkman/candidates/java/11.0.2-open/lib/libjdwp.dylib
0x00000001026e2000 	/Users/liaochuntao/.sdkman/candidates/java/11.0.2-open/lib/libinstrument.dylib
0x0000000102749000 	/Users/liaochuntao/.sdkman/candidates/java/11.0.2-open/lib/libzip.dylib
0x0000000102751000 	/Users/liaochuntao/.sdkman/candidates/java/11.0.2-open/lib/libjimage.dylib
0x0000000102773000 	/Users/liaochuntao/.sdkman/candidates/java/11.0.2-open/lib/libdt_socket.dylib
0x0000000102779000 	/Users/liaochuntao/.sdkman/candidates/java/11.0.2-open/lib/libnio.dylib
0x0000000102787000 	/Users/liaochuntao/.sdkman/candidates/java/11.0.2-open/lib/libnet.dylib
0x000000010279c000 	/Users/liaochuntao/.sdkman/candidates/java/11.0.2-open/lib/libmanagement.dylib
0x00000001027a1000 	/Users/liaochuntao/.sdkman/candidates/java/11.0.2-open/lib/libmanagement_ext.dylib
0x0000000133613000 	/private/var/folders/wh/j8rglfbx3fj2ygnj8mxdw5480000gn/T/librocksdbjni14948636381671315967.jnilib


VM Arguments:
jvm_args: -agentlib:jdwp=transport=dt_socket,address=127.0.0.1:50450,suspend=y,server=n -ea -Didea.test.cyclic.buffer.size=1048576 -javaagent:/Users/liaochuntao/Library/Caches/IntelliJIdea2019.3/captureAgent/debugger-agent.jar -Dfile.encoding=UTF-8 
java_command: com.intellij.rt.junit.JUnitStarter -ideVersion5 -junit4 com.alibaba.nacos.core.storage.RocksStorageTest,testCreateRocksStorage
java_class_path (initial): /Users/liaochuntao/Library/Application Support/JetBrains/Toolbox/apps/IDEA-U/ch-0/193.7288.26/IntelliJ IDEA.app/Contents/lib/idea_rt.jar:/Users/liaochuntao/Library/Application Support/JetBrains/Toolbox/apps/IDEA-U/ch-0/193.7288.26/IntelliJ IDEA.app/Contents/plugins/junit/lib/junit5-rt.jar:/Users/liaochuntao/Library/Application Support/JetBrains/Toolbox/apps/IDEA-U/ch-0/193.7288.26/IntelliJ IDEA.app/Contents/plugins/junit/lib/junit-rt.jar:/Volumes/resources/code/IdeaProjects/nacos/core/target/test-classes:/Volumes/resources/code/IdeaProjects/nacos/core/target/classes:/Volumes/resources/code/IdeaProjects/nacos/common/target/classes:/Users/liaochuntao/.m2/repository/org/slf4j/slf4j-api/1.7.7/slf4j-api-1.7.7.jar:/Users/liaochuntao/.m2/repository/commons-io/commons-io/2.2/commons-io-2.2.jar:/Volumes/resources/code/IdeaProjects/nacos/api/target/classes:/Users/liaochuntao/.m2/repository/org/apache/commons/commons-lang3/3.4/commons-lang3-3.4.jar:/Users/liaochuntao/.m2/repository/com/fasterxml/jackson/core/jackson-core/2.10.4/jackson-core-2.10.4.jar:/Users/liaochuntao/.m2/repository/com/fasterxml/jackson/core/jackson-databind/2.10.4/jackson-databind-2.10.4.jar:/Users/liaochuntao/.m2/repository/com/fasterxml/jackson/core/jackson-annotations/2.9.0/jackson-annotations-2.9.0.jar:/Volumes/resources/code/IdeaProjects/nacos/consistency/target/classes:/Users/liaochuntao/.m2/repository/com/caucho/hessian/4.0.63/hessian-4.0.63.jar:/Users/liaochuntao/.m2/repository/com/google/protobuf/protobuf-java/3.8.0/protobuf-java-3.8.0.jar:/Users/liaochuntao/.m2/repository/org/springframework/boot/spring-boot-starter/2.1.1.RELEASE/spring-boot-starter-2.1.1.RELEASE.jar:/Users/liaochuntao/.m2/repository/org/springframework/boot/spring-boot/2.1.1.RELEASE/spring-boot-2.1.1.RELEASE.jar:/Users/liaochuntao/.m2/repository/org/springframework/spring-context/5.1.3.RELEASE/spring-context-5.1.3.RELEASE.jar:/Users/liaochuntao/.m2/repository/org/springframework/boot/spring-boot-auto
Launcher Type: SUN_STANDARD

[Global flags]
     intx CICompilerCount                          = 4                                         {product} {ergonomic}
     uint ConcGCThreads                            = 2                                         {product} {ergonomic}
     uint G1ConcRefinementThreads                  = 8                                         {product} {ergonomic}
   size_t G1HeapRegionSize                         = 2097152                                   {product} {ergonomic}
    uintx GCDrainStackTargetSize                   = 64                                        {product} {ergonomic}
   size_t InitialHeapSize                          = 536870912                                 {product} {ergonomic}
   size_t MarkStackSize                            = 4194304                                   {product} {ergonomic}
   size_t MaxHeapSize                              = 8589934592                                {product} {ergonomic}
   size_t MaxNewSize                               = 5152702464                                {product} {ergonomic}
   size_t MinHeapDeltaBytes                        = 2097152                                   {product} {ergonomic}
    uintx NonNMethodCodeHeapSize                   = 5835340                                {pd product} {ergonomic}
    uintx NonProfiledCodeHeapSize                  = 122911450                              {pd product} {ergonomic}
    uintx ProfiledCodeHeapSize                     = 122911450                              {pd product} {ergonomic}
    uintx ReservedCodeCacheSize                    = 251658240                              {pd product} {ergonomic}
     bool SegmentedCodeCache                       = true                                      {product} {ergonomic}
     bool UseCompressedClassPointers               = true                                 {lp64_product} {ergonomic}
     bool UseCompressedOops                        = true                                 {lp64_product} {ergonomic}
     bool UseG1GC                                  = true                                      {product} {ergonomic}

Logging:
Log output configuration:
 #0: stdout all=warning uptime,level,tags
 #1: stderr all=off uptime,level,tags

Environment Variables:
JAVA_HOME=/Users/liaochuntao/.sdkman/candidates/java/current
PATH=/Users/liaochuntao/.sdkman/candidates/maven/current/bin:/Users/liaochuntao/.sdkman/candidates/java/current/bin:/Users/liaochuntao/.sdkman/candidates/gradle/current/bin:/usr/local/bin:/usr/bin:/bin:/usr/sbin:/sbin:/usr/local/go/bin:/Library/Apple/usr/bin:/Applications/Wireshark.app/Contents/MacOS
SHELL=/bin/zsh

Signal Handlers:
SIGSEGV: [libjvm.dylib+0x73f4e4], sa_mask[0]=11111111011111110111111111111111, sa_flags=SA_ONSTACK|SA_RESTART|SA_SIGINFO
SIGBUS: [libjvm.dylib+0x73f4e4], sa_mask[0]=11111111011111110111111111111111, sa_flags=SA_RESTART|SA_SIGINFO
SIGFPE: [libjvm.dylib+0x73f4e4], sa_mask[0]=11111111011111110111111111111111, sa_flags=SA_RESTART|SA_SIGINFO
SIGPIPE: [libjvm.dylib+0x5f2192], sa_mask[0]=11111111011111110111111111111111, sa_flags=SA_RESTART|SA_SIGINFO
SIGXFSZ: [libjvm.dylib+0x5f2192], sa_mask[0]=11111111011111110111111111111111, sa_flags=SA_RESTART|SA_SIGINFO
SIGILL: [libjvm.dylib+0x73f4e4], sa_mask[0]=11111111011111110111111111111111, sa_flags=SA_RESTART|SA_SIGINFO
SIGUSR2: [libjvm.dylib+0x5f2777], sa_mask[0]=00100000000000000000000000000000, sa_flags=SA_RESTART|SA_SIGINFO
SIGHUP: [libjvm.dylib+0x5f11d3], sa_mask[0]=11111111011111110111111111111111, sa_flags=SA_RESTART|SA_SIGINFO
SIGINT: [libjvm.dylib+0x5f11d3], sa_mask[0]=11111111011111110111111111111111, sa_flags=SA_RESTART|SA_SIGINFO
SIGTERM: [libjvm.dylib+0x5f11d3], sa_mask[0]=11111111011111110111111111111111, sa_flags=SA_RESTART|SA_SIGINFO
SIGQUIT: [libjvm.dylib+0x5f11d3], sa_mask[0]=11111111011111110111111111111111, sa_flags=SA_RESTART|SA_SIGINFO


---------------  S Y S T E M  ---------------

OS:uname:Darwin 19.5.0 Darwin Kernel Version 19.5.0: Tue May 26 20:41:44 PDT 2020; root:xnu-6153.121.2~2/RELEASE_X86_64 x86_64
rlimit: STACK 8192k, CORE 0k, NPROC 5568, NOFILE 10240, AS infinity, DATA infinity, FSIZE infinity
load average:2.69 3.60 3.58

CPU:total 8 (initial active 8) (4 cores per cpu, 2 threads per core) family 6 model 158 stepping 10, cmov, cx8, fxsr, mmx, sse, sse2, sse3, ssse3, sse4.1, sse4.2, popcnt, avx, avx2, aes, clmul, erms, 3dnowpref, lzcnt, ht, tsc, tscinvbit, bmi1, bmi2, adx, fma

Memory: 4k page, physical 33554432k(3610952k free)

vm_info: OpenJDK 64-Bit Server VM (11.0.2+9) for bsd-amd64 JRE (11.0.2+9), built on Jan 18 2019 08:16:22 by "mach5one" with gcc 4.2.1 Compatible Apple LLVM 9.1.0 (clang-902.0.39.2)

END.
